SF:lib/ui_components/src/communication_setting_widget.dart
DA:7,57
DA:10,2
DA:11,6
DA:16,1
DA:30,1
DA:32,1
DA:38,1
DA:39,2
DA:40,2
DA:44,1
DA:46,1
DA:47,1
DA:48,1
DA:50,4
DA:51,2
DA:52,2
DA:55,1
DA:60,1
DA:61,2
DA:68,1
DA:69,1
DA:71,1
DA:72,1
DA:74,1
DA:76,1
DA:77,4
DA:78,1
DA:79,1
DA:80,2
DA:81,1
DA:86,1
DA:87,1
DA:90,1
DA:92,1
DA:94,2
DA:95,1
DA:96,1
DA:97,2
DA:99,1
DA:100,2
DA:102,1
LF:41
LH:41
end_of_record
SF:lib/ui_components/src/fancy_loading.dart
DA:6,55
DA:9,56
DA:18,1
DA:20,1
DA:21,1
DA:22,1
DA:24,1
DA:25,1
DA:27,1
DA:28,1
DA:30,1
DA:31,1
DA:33,1
DA:34,1
DA:36,1
DA:37,1
DA:39,1
DA:40,1
DA:42,1
DA:43,1
LF:20
LH:20
end_of_record
SF:lib/ui_components/src/badge.dart
DA:7,1
DA:10,1
DA:15,1
DA:17,2
DA:19,1
DA:22,1
DA:23,1
DA:24,1
DA:26,3
DA:29,1
DA:32,1
DA:33,1
DA:34,1
DA:36,3
LF:14
LH:14
end_of_record
SF:lib/ui_components/src/buttons.dart
DA:10,8
DA:35,8
DA:37,8
DA:38,8
DA:41,8
DA:42,8
DA:43,1
DA:44,2
DA:46,8
DA:47,8
DA:48,8
DA:49,16
DA:50,8
DA:51,8
DA:52,8
DA:54,8
DA:55,16
DA:56,16
DA:62,6
DA:75,6
DA:88,6
DA:90,6
DA:91,6
DA:92,6
DA:95,6
DA:96,12
DA:97,12
DA:99,12
DA:100,6
DA:101,6
DA:102,6
DA:103,6
DA:104,18
DA:111,1
DA:118,1
DA:125,1
DA:127,1
DA:128,1
DA:129,1
DA:130,2
DA:132,1
DA:133,1
DA:134,2
DA:137,1
DA:138,1
DA:139,1
DA:140,1
DA:141,3
DA:148,1
DA:151,1
DA:153,1
DA:155,1
DA:156,2
DA:161,1
DA:164,2
LF:55
LH:55
end_of_record
SF:lib/domain_objects/failures/exception.dart
DA:3,2
LF:1
LH:1
end_of_record
SF:lib/misc_utilities/bottom_sheet_builder.dart
DA:38,1
LF:1
LH:1
end_of_record
SF:lib/misc_utilities/enums.dart
DA:1,51
LF:1
LH:1
end_of_record
SF:lib/misc_utilities/misc.dart
DA:21,51
DA:28,1
DA:29,1
DA:30,2
DA:31,1
DA:32,2
DA:33,1
DA:34,3
DA:36,3
DA:38,4
DA:42,1
DA:44,2
DA:48,1
DA:50,1
DA:53,2
DA:55,3
DA:56,1
DA:58,1
DA:59,1
DA:62,1
DA:67,2
DA:68,4
DA:69,2
DA:70,2
DA:71,2
DA:79,2
DA:80,2
DA:81,3
DA:89,1
DA:95,1
DA:96,1
DA:108,1
DA:110,3
DA:112,4
DA:114,4
DA:115,1
DA:118,1
DA:122,1
DA:123,4
DA:127,1
DA:128,2
DA:132,1
DA:133,3
DA:134,2
DA:140,4
DA:142,4
DA:143,4
DA:144,12
DA:145,12
DA:146,4
DA:150,1
DA:153,3
DA:154,1
DA:157,3
DA:158,1
DA:160,1
DA:168,1
DA:170,2
DA:171,1
DA:173,1
DA:174,1
DA:175,4
DA:185,1
DA:186,2
DA:187,1
DA:188,1
DA:189,1
DA:191,1
DA:192,1
DA:194,1
DA:198,1
DA:199,4
DA:203,1
DA:207,1
DA:217,1
DA:222,2
DA:229,2
DA:230,4
DA:231,2
DA:233,2
DA:235,1
DA:241,1
DA:244,2
DA:245,2
DA:246,3
DA:247,1
DA:252,1
DA:253,1
DA:254,2
DA:255,2
DA:256,1
DA:257,2
DA:258,2
DA:259,1
DA:263,1
DA:265,1
DA:269,1
DA:270,1
DA:271,1
DA:276,1
DA:280,2
DA:284,2
DA:285,2
DA:286,2
DA:288,2
DA:289,4
DA:291,2
DA:294,2
DA:297,2
DA:305,1
DA:308,2
DA:310,1
DA:311,2
DA:312,1
DA:315,1
DA:319,1
DA:320,3
DA:329,1
DA:333,3
DA:337,1
DA:338,1
DA:339,1
DA:342,1
DA:343,2
DA:361,1
DA:369,2
DA:371,2
DA:374,2
DA:379,1
DA:380,1
DA:384,3
DA:387,1
DA:388,2
DA:389,1
DA:394,1
DA:395,2
DA:398,2
DA:406,2
DA:412,2
DA:414,1
DA:417,2
DA:429,1
DA:437,1
DA:443,3
DA:445,1
DA:447,3
DA:449,1
DA:450,1
DA:451,3
DA:452,1
DA:455,2
DA:462,2
DA:471,1
DA:472,4
DA:476,1
DA:477,1
DA:480,1
DA:481,2
DA:488,1
DA:492,1
DA:493,2
DA:495,2
DA:499,1
DA:500,2
DA:503,3
LF:165
LH:165
end_of_record
SF:lib/misc_utilities/string_constant.dart
DA:2,1
DA:3,2
DA:5,2
DA:6,2
LF:4
LH:4
end_of_record
SF:lib/ui_components/src/constants.dart
DA:3,9
DA:4,12
DA:5,12
DA:6,12
DA:7,8
DA:8,4
DA:9,10
DA:12,8
DA:20,1
DA:21,1
DA:51,9
DA:56,51
DA:58,8
DA:59,4
DA:60,4
DA:66,4
DA:72,4
DA:78,4
DA:84,4
DA:90,4
DA:107,51
LF:21
LH:21
end_of_record
SF:lib/ui_components/src/country_picker.dart
DA:8,3
DA:12,3
DA:13,3
DA:21,3
DA:23,18
DA:24,3
DA:25,2
DA:26,4
DA:28,4
DA:29,2
DA:31,12
DA:32,4
DA:33,8
DA:36,3
DA:40,3
DA:41,3
DA:42,3
DA:43,3
DA:44,9
DA:55,3
DA:56,9
DA:67,3
DA:68,3
DA:71,3
DA:72,6
DA:73,3
LF:26
LH:26
end_of_record
SF:lib/ui_components/src/helpers.dart
DA:14,6
DA:16,3
DA:18,3
DA:20,1
DA:22,1
DA:24,1
DA:26,1
DA:33,4
DA:35,4
DA:36,8
DA:37,1
DA:38,2
DA:39,1
DA:40,2
DA:41,1
DA:42,2
DA:43,1
DA:44,2
DA:46,2
DA:50,2
DA:51,2
DA:53,2
DA:54,2
DA:55,2
DA:56,2
DA:57,4
DA:58,2
DA:59,2
DA:60,2
DA:63,4
DA:64,2
DA:65,8
DA:74,2
DA:85,4
DA:87,2
DA:88,2
DA:91,2
DA:92,2
DA:94,2
DA:95,2
DA:96,4
DA:98,2
DA:99,2
DA:100,2
DA:102,2
DA:104,2
DA:106,2
DA:107,4
DA:111,2
DA:112,1
DA:113,1
DA:115,2
DA:117,2
DA:119,2
DA:121,2
DA:131,2
DA:132,2
DA:134,1
DA:141,2
DA:146,4
DA:147,4
DA:149,2
DA:155,2
DA:165,3
DA:176,2
DA:178,3
DA:179,3
DA:181,6
DA:182,9
DA:183,6
DA:187,3
DA:191,3
DA:196,6
DA:198,6
DA:199,3
DA:201,2
DA:202,2
DA:206,1
DA:218,1
DA:219,1
DA:222,2
DA:225,1
DA:229,1
DA:232,1
DA:233,1
DA:236,1
DA:237,1
LF:87
LH:87
end_of_record
SF:lib/ui_components/src/resend_phone_code.dart
DA:13,51
DA:17,3
DA:48,3
DA:49,3
DA:59,3
DA:61,3
DA:62,13
DA:63,3
DA:67,3
DA:68,3
DA:69,6
DA:71,3
DA:72,9
DA:74,6
DA:75,6
DA:76,6
DA:77,3
DA:78,3
DA:79,3
DA:80,6
DA:85,1
DA:86,1
DA:87,2
DA:89,1
DA:90,3
DA:92,2
DA:93,2
DA:94,1
DA:95,1
DA:96,1
DA:97,2
DA:98,2
DA:102,3
DA:103,6
DA:104,6
DA:108,3
DA:109,6
DA:110,3
DA:114,3
DA:116,3
DA:118,3
DA:120,3
DA:121,3
DA:122,5
DA:123,6
DA:125,3
DA:128,3
DA:130,3
DA:132,3
DA:133,3
DA:134,6
DA:139,3
DA:142,3
DA:144,3
DA:146,1
DA:147,1
DA:148,2
DA:152,5
DA:157,2
DA:158,2
DA:160,1
DA:161,2
LF:62
LH:62
end_of_record
SF:lib/ui_components/src/show_info_bottomsheet.dart
DA:7,2
DA:12,2
DA:17,2
DA:18,2
DA:20,4
DA:21,2
DA:22,2
DA:25,2
DA:26,2
DA:27,2
DA:39,2
DA:40,2
DA:43,2
DA:44,2
DA:45,2
DA:47,2
DA:48,2
DA:49,2
DA:55,2
DA:56,2
DA:57,2
DA:59,2
DA:64,2
DA:65,2
DA:67,2
DA:68,2
LF:26
LH:26
end_of_record
SF:lib/ui_components/src/inputs.dart
DA:46,2
DA:56,2
DA:61,1
DA:63,1
DA:66,2
DA:69,1
DA:73,1
DA:75,2
DA:81,1
DA:82,1
DA:87,2
DA:90,1
DA:91,2
DA:98,2
DA:100,2
DA:102,2
DA:104,2
DA:106,2
DA:107,2
DA:108,2
DA:109,4
DA:110,2
DA:111,2
DA:112,2
DA:114,2
DA:115,2
DA:118,2
DA:119,2
DA:120,4
DA:122,2
DA:123,1
DA:124,2
DA:125,1
DA:126,1
DA:128,2
DA:130,2
DA:136,2
DA:137,2
DA:139,2
DA:140,2
DA:143,2
DA:154,2
DA:155,2
DA:157,2
DA:158,2
DA:159,2
DA:160,2
DA:161,2
DA:162,2
DA:163,2
DA:165,4
DA:177,2
DA:178,1
DA:180,1
DA:181,2
DA:186,2
DA:225,5
DA:259,4
DA:295,4
DA:297,4
DA:298,4
DA:299,4
DA:300,4
DA:301,4
DA:302,8
DA:305,4
DA:306,4
DA:307,4
DA:309,5
DA:310,1
DA:311,4
DA:312,8
DA:313,8
DA:315,4
DA:316,8
DA:318,4
DA:319,4
DA:320,4
DA:321,4
DA:322,4
DA:323,8
DA:324,4
DA:325,4
DA:326,4
DA:327,4
DA:328,4
DA:329,4
DA:330,4
DA:331,4
DA:332,8
DA:333,4
DA:334,12
DA:336,4
DA:338,4
DA:339,12
DA:341,4
DA:343,4
DA:344,12
DA:346,4
DA:348,4
DA:349,12
DA:351,4
DA:353,4
DA:354,12
DA:359,4
DA:360,4
DA:361,4
DA:362,4
DA:363,4
DA:364,4
DA:365,4
DA:366,4
DA:369,13
DA:370,4
DA:371,4
DA:372,7
DA:373,4
DA:374,4
DA:375,4
DA:376,4
DA:377,4
DA:436,1
DA:472,1
DA:473,2
DA:474,4
DA:476,1
DA:477,2
DA:479,1
DA:480,2
DA:482,2
DA:486,1
DA:488,2
DA:489,1
DA:490,2
DA:492,1
DA:493,1
DA:494,5
DA:495,1
DA:496,1
DA:497,4
DA:498,1
DA:499,1
DA:502,4
DA:503,1
DA:504,1
DA:505,2
DA:511,2
DA:514,1
DA:515,4
DA:516,1
DA:517,2
DA:518,1
DA:519,1
DA:520,1
DA:521,2
DA:524,1
DA:526,1
DA:538,1
DA:539,5
DA:543,3
DA:547,1
DA:548,2
DA:551,1
DA:553,1
DA:554,1
DA:555,1
DA:556,2
DA:558,1
DA:559,1
DA:560,1
DA:561,1
DA:562,1
DA:563,1
DA:564,1
DA:565,1
DA:566,1
DA:567,1
DA:568,1
DA:569,1
DA:570,1
DA:600,1
DA:626,1
DA:628,1
DA:629,3
DA:630,1
DA:631,1
DA:636,1
DA:638,1
DA:639,2
DA:646,1
DA:647,2
DA:651,1
DA:652,1
DA:653,1
DA:655,1
DA:656,1
DA:657,1
DA:658,1
DA:659,1
DA:660,1
DA:661,1
DA:664,1
DA:665,3
DA:666,1
DA:667,1
DA:669,2
DA:671,1
DA:672,2
DA:694,1
DA:710,1
DA:712,1
DA:713,1
DA:714,1
DA:715,1
DA:718,1
DA:719,1
DA:721,1
DA:722,1
DA:723,1
DA:724,1
DA:725,3
DA:751,1
DA:799,1
DA:802,1
DA:805,1
DA:806,1
DA:807,1
DA:810,1
DA:811,1
DA:813,1
DA:814,2
DA:815,1
DA:816,1
DA:817,1
DA:818,2
DA:820,1
DA:821,1
DA:823,2
DA:830,15
DA:836,5
DA:837,5
DA:846,5
DA:871,5
DA:873,5
DA:874,5
DA:875,5
DA:878,5
DA:880,10
DA:882,5
DA:884,5
DA:885,5
DA:886,5
DA:887,5
DA:890,5
DA:891,10
DA:896,5
DA:897,4
DA:898,8
DA:900,5
DA:901,9
LF:260
LH:260
end_of_record
SF:lib/ui_components/src/time_picker.dart
DA:41,1
DA:64,1
DA:66,1
DA:67,1
DA:68,1
DA:69,1
DA:71,1
DA:74,1
DA:75,1
DA:76,1
DA:77,1
DA:78,1
DA:79,1
DA:80,1
DA:81,1
DA:82,1
DA:83,1
DA:84,1
DA:90,1
DA:96,2
DA:97,1
DA:98,3
DA:99,5
DA:100,2
DA:102,1
DA:103,1
DA:104,5
DA:105,1
DA:109,1
DA:110,1
DA:116,2
DA:118,1
DA:119,1
DA:120,1
DA:121,1
DA:122,1
DA:123,1
DA:124,2
DA:132,1
DA:136,1
DA:138,1
DA:140,6
DA:141,2
DA:144,2
LF:44
LH:44
end_of_record
SF:lib/ui_components/src/bewell_select_input.dart
DA:6,1
DA:18,1
DA:19,1
DA:23,1
DA:25,1
DA:26,4
DA:27,6
DA:32,1
DA:34,1
DA:37,1
DA:38,1
DA:39,1
DA:40,1
DA:42,1
DA:43,1
DA:44,2
DA:45,1
DA:47,4
DA:48,1
DA:50,1
DA:52,1
DA:53,3
DA:54,1
DA:55,2
DA:56,1
DA:57,3
LF:26
LH:26
end_of_record
SF:lib/ui_components/src/platform_loader.dart
DA:7,74
DA:11,4
DA:13,8
DA:15,8
DA:18,4
DA:19,4
DA:20,1
DA:22,2
DA:25,8
LF:9
LH:9
end_of_record
SF:lib/user_feed/src/domain/entities/action.freezed.dart
DA:10,0
DA:12,0
DA:15,8
DA:16,8
DA:21,23
DA:23,0
DA:38,0
DA:49,0
DA:50,0
DA:59,0
DA:60,0
DA:61,0
DA:62,0
DA:63,0
DA:64,0
DA:65,0
DA:66,0
DA:67,0
DA:68,0
DA:69,0
DA:70,0
DA:71,0
DA:72,0
DA:74,0
DA:75,0
DA:76,0
DA:104,0
DA:110,0
DA:120,0
DA:121,0
DA:122,0
DA:125,0
DA:126,0
DA:129,0
DA:130,0
DA:133,0
DA:134,0
DA:137,0
DA:138,0
DA:141,0
DA:142,0
DA:145,0
DA:146,0
DA:152,0
DA:154,0
DA:158,0
DA:159,0
DA:192,0
DA:193,0
DA:195,0
DA:196,0
DA:198,0
DA:208,0
DA:209,0
DA:210,0
DA:213,0
DA:214,0
DA:217,0
DA:218,0
DA:221,0
DA:222,0
DA:225,0
DA:226,0
DA:229,0
DA:230,0
DA:233,0
DA:234,0
DA:244,8
DA:260,8
DA:261,8
DA:285,0
DA:287,0
DA:290,0
DA:293,0
DA:294,0
DA:295,0
DA:296,0
DA:298,0
DA:299,0
DA:301,0
DA:302,0
DA:304,0
DA:305,0
DA:306,0
DA:307,0
DA:308,0
DA:309,0
DA:311,0
DA:314,0
DA:316,0
DA:317,0
DA:318,0
DA:319,0
DA:320,0
DA:321,0
DA:322,0
DA:323,0
DA:325,0
DA:328,0
DA:330,2
DA:332,2
DA:355,0
DA:357,0
DA:358,0
DA:360,0
DA:361,0
DA:363,0
DA:364,0
DA:366,0
DA:367,0
DA:369,0
DA:370,0
DA:372,0
DA:373,0
DA:375,0
DA:376,0
DA:378,0
LF:117
LH:8
end_of_record
SF:lib/user_feed/src/domain/entities/action.dart
DA:27,16
LF:1
LH:1
end_of_record
SF:lib/user_feed/src/domain/entities/action.g.dart
DA:9,8
DA:10,8
DA:11,8
DA:12,8
DA:13,16
DA:15,16
DA:17,8
DA:18,8
DA:20,10
DA:21,8
DA:25,4
DA:26,2
DA:27,2
DA:28,4
DA:29,4
DA:30,2
DA:31,4
DA:32,2
DA:35,8
DA:41,0
DA:43,0
DA:47,16
DA:48,24
DA:49,0
DA:51,0
DA:53,0
DA:56,0
DA:58,8
DA:61,8
DA:69,8
LF:30
LH:24
end_of_record
SF:lib/user_feed/src/domain/entities/feed.freezed.dart
DA:10,0
DA:12,0
DA:15,3
DA:16,3
DA:21,23
DA:23,0
DA:40,0
DA:52,0
DA:53,0
DA:62,0
DA:63,0
DA:64,0
DA:65,0
DA:66,0
DA:67,0
DA:70,0
DA:71,0
DA:72,0
DA:73,0
DA:74,0
DA:75,0
DA:76,0
DA:77,0
DA:78,0
DA:79,0
DA:81,0
DA:82,0
DA:83,0
DA:111,0
DA:117,0
DA:128,0
DA:129,0
DA:130,0
DA:133,0
DA:134,0
DA:137,0
DA:138,0
DA:141,0
DA:142,0
DA:145,0
DA:146,0
DA:149,0
DA:150,0
DA:153,0
DA:154,0
DA:157,0
DA:158,0
DA:192,0
DA:193,0
DA:195,0
DA:196,0
DA:198,0
DA:209,0
DA:210,0
DA:211,0
DA:214,0
DA:215,0
DA:218,0
DA:219,0
DA:222,0
DA:223,0
DA:226,0
DA:227,0
DA:230,0
DA:231,0
DA:234,0
DA:235,0
DA:238,0
DA:239,0
DA:249,3
DA:259,3
DA:260,3
DA:289,0
DA:291,0
DA:294,0
DA:297,0
DA:298,0
DA:299,0
DA:300,0
DA:302,0
DA:303,0
DA:304,0
DA:305,0
DA:307,0
DA:308,0
DA:310,0
DA:311,0
DA:313,0
DA:314,0
DA:315,0
DA:316,0
DA:317,0
DA:320,0
DA:322,0
DA:323,0
DA:324,0
DA:325,0
DA:326,0
DA:327,0
DA:328,0
DA:329,0
DA:330,0
DA:332,0
DA:335,0
DA:337,0
DA:339,0
DA:364,0
DA:366,0
DA:367,0
DA:369,0
DA:370,0
DA:372,0
DA:373,0
DA:377,0
DA:378,0
DA:380,0
DA:381,0
DA:383,0
DA:384,0
DA:386,0
DA:387,0
DA:389,0
DA:390,0
DA:392,0
LF:124
LH:6
end_of_record
SF:lib/user_feed/src/domain/entities/feed.dart
DA:33,2
DA:35,6
LF:2
LH:2
end_of_record
SF:lib/user_feed/src/domain/entities/feed.g.dart
DA:9,3
DA:10,3
DA:11,3
DA:12,3
DA:13,3
DA:14,3
DA:15,6
DA:17,3
DA:18,9
DA:19,3
DA:20,3
DA:21,9
DA:22,3
DA:23,3
DA:24,9
DA:25,3
DA:29,0
DA:30,0
DA:31,0
DA:32,0
DA:33,0
DA:34,0
DA:35,0
DA:36,0
DA:37,0
DA:40,3
DA:46,0
DA:48,0
DA:52,6
DA:53,9
DA:54,0
DA:56,0
DA:58,0
DA:61,0
DA:63,3
DA:66,3
DA:74,3
LF:37
LH:22
end_of_record
SF:lib/user_feed/src/domain/entities/item.freezed.dart
DA:10,0
DA:12,0
DA:15,5
DA:16,5
DA:21,23
DA:23,0
DA:66,0
DA:91,0
DA:92,0
DA:101,0
DA:102,0
DA:103,0
DA:104,0
DA:105,0
DA:106,0
DA:107,0
DA:108,0
DA:109,0
DA:110,0
DA:111,0
DA:112,0
DA:113,0
DA:114,0
DA:115,0
DA:116,0
DA:117,0
DA:118,0
DA:119,0
DA:120,0
DA:121,0
DA:122,0
DA:123,0
DA:124,0
DA:125,0
DA:126,0
DA:127,0
DA:128,0
DA:129,0
DA:130,0
DA:131,0
DA:132,0
DA:133,0
DA:134,0
DA:135,0
DA:136,0
DA:137,0
DA:138,0
DA:139,0
DA:140,0
DA:141,0
DA:143,0
DA:145,0
DA:146,0
DA:147,0
DA:203,0
DA:209,0
DA:233,0
DA:234,0
DA:235,0
DA:238,0
DA:239,0
DA:242,0
DA:243,0
DA:246,0
DA:247,0
DA:250,0
DA:251,0
DA:254,0
DA:255,0
DA:258,0
DA:259,0
DA:262,0
DA:263,0
DA:266,0
DA:267,0
DA:270,0
DA:271,0
DA:274,0
DA:275,0
DA:278,0
DA:279,0
DA:282,0
DA:283,0
DA:286,0
DA:287,0
DA:290,0
DA:291,0
DA:294,0
DA:295,0
DA:298,0
DA:299,0
DA:302,0
DA:303,0
DA:306,0
DA:307,0
DA:310,0
DA:311,0
DA:314,0
DA:315,0
DA:321,0
DA:323,0
DA:327,0
DA:328,0
DA:389,0
DA:390,0
DA:392,0
DA:393,0
DA:395,0
DA:419,0
DA:420,0
DA:421,0
DA:424,0
DA:425,0
DA:428,0
DA:429,0
DA:432,0
DA:433,0
DA:436,0
DA:437,0
DA:440,0
DA:441,0
DA:444,0
DA:445,0
DA:448,0
DA:449,0
DA:452,0
DA:453,0
DA:456,0
DA:457,0
DA:460,0
DA:461,0
DA:464,0
DA:465,0
DA:468,0
DA:469,0
DA:472,0
DA:473,0
DA:476,0
DA:477,0
DA:480,0
DA:481,0
DA:484,0
DA:485,0
DA:488,0
DA:489,0
DA:492,0
DA:493,0
DA:496,0
DA:497,0
DA:500,0
DA:501,0
DA:511,5
DA:534,5
DA:535,5
DA:601,0
DA:603,0
DA:606,0
DA:609,0
DA:610,0
DA:612,0
DA:613,0
DA:614,0
DA:615,0
DA:617,0
DA:618,0
DA:620,0
DA:621,0
DA:622,0
DA:623,0
DA:624,0
DA:625,0
DA:627,0
DA:628,0
DA:630,0
DA:631,0
DA:632,0
DA:633,0
DA:634,0
DA:635,0
DA:637,0
DA:638,0
DA:640,0
DA:641,0
DA:642,0
DA:643,0
DA:645,0
DA:646,0
DA:647,0
DA:648,0
DA:650,0
DA:651,0
DA:652,0
DA:653,0
DA:655,0
DA:656,0
DA:657,0
DA:658,0
DA:659,0
DA:660,0
DA:662,0
DA:665,0
DA:667,0
DA:668,0
DA:669,0
DA:670,0
DA:671,0
DA:672,0
DA:673,0
DA:674,0
DA:675,0
DA:676,0
DA:677,0
DA:678,0
DA:679,0
DA:680,0
DA:681,0
DA:682,0
DA:683,0
DA:684,0
DA:685,0
DA:686,0
DA:687,0
DA:688,0
DA:690,0
DA:693,0
DA:695,2
DA:697,2
DA:748,0
DA:750,0
DA:751,0
DA:753,0
DA:754,0
DA:756,0
DA:757,0
DA:759,0
DA:760,0
DA:762,0
DA:763,0
DA:765,0
DA:766,0
DA:768,0
DA:769,0
DA:771,0
DA:772,0
DA:774,0
DA:775,0
DA:777,0
DA:778,0
DA:780,0
DA:781,0
DA:783,0
DA:784,0
DA:786,0
DA:787,0
DA:789,0
DA:790,0
DA:792,0
DA:793,0
DA:795,0
DA:796,0
DA:798,0
DA:799,0
DA:801,0
DA:802,0
DA:804,0
DA:805,0
DA:807,0
DA:808,0
DA:811,0
DA:812,0
DA:814,0
LF:271
LH:8
end_of_record
SF:lib/user_feed/src/domain/entities/item.dart
DA:41,10
LF:1
LH:1
end_of_record
SF:lib/user_feed/src/domain/entities/item.g.dart
DA:9,5
DA:10,5
DA:11,5
DA:12,5
DA:13,5
DA:14,5
DA:15,5
DA:17,10
DA:18,5
DA:19,5
DA:20,5
DA:21,5
DA:22,5
DA:23,5
DA:24,10
DA:25,10
DA:26,5
DA:27,15
DA:28,5
DA:29,5
DA:30,10
DA:31,5
DA:32,5
DA:33,10
DA:34,5
DA:35,5
DA:36,10
DA:37,5
DA:38,5
DA:40,5
DA:41,5
DA:42,5
DA:43,0
DA:44,0
DA:48,4
DA:49,2
DA:50,2
DA:51,2
DA:52,2
DA:53,4
DA:54,2
DA:55,2
DA:56,2
DA:57,2
DA:58,2
DA:59,2
DA:60,4
DA:61,4
DA:62,10
DA:63,2
DA:64,4
DA:65,10
DA:66,10
DA:67,2
DA:68,2
DA:69,2
DA:70,0
DA:71,0
DA:74,5
DA:80,0
DA:82,0
DA:86,10
DA:87,15
DA:88,0
DA:90,0
DA:92,0
DA:95,0
DA:97,5
DA:100,5
DA:108,5
LF:70
LH:60
end_of_record
SF:lib/user_feed/src/domain/entities/link.g.dart
DA:9,10
DA:10,10
DA:11,10
DA:12,10
DA:13,20
DA:15,10
DA:16,10
DA:17,10
DA:21,4
DA:22,2
DA:23,2
DA:24,4
DA:25,2
DA:26,2
DA:27,2
DA:30,10
DA:36,0
DA:38,0
DA:42,20
DA:43,30
DA:44,0
DA:46,0
DA:48,0
DA:51,0
DA:53,10
DA:56,10
DA:64,10
LF:27
LH:21
end_of_record
SF:lib/user_feed/src/domain/entities/link.freezed.dart
DA:10,0
DA:12,0
DA:15,10
DA:16,10
DA:21,23
DA:23,0
DA:36,0
DA:46,0
DA:47,0
DA:56,0
DA:57,0
DA:58,0
DA:59,0
DA:60,0
DA:61,0
DA:62,0
DA:63,0
DA:64,0
DA:65,0
DA:66,0
DA:67,0
DA:69,0
DA:70,0
DA:71,0
DA:95,0
DA:101,0
DA:110,0
DA:111,0
DA:112,0
DA:115,0
DA:116,0
DA:119,0
DA:120,0
DA:123,0
DA:124,0
DA:127,0
DA:128,0
DA:131,0
DA:132,0
DA:162,0
DA:163,0
DA:165,0
DA:166,0
DA:168,0
DA:177,0
DA:178,0
DA:179,0
DA:182,0
DA:183,0
DA:186,0
DA:187,0
DA:190,0
DA:191,0
DA:194,0
DA:195,0
DA:198,0
DA:199,0
DA:209,10
DA:223,10
DA:224,10
DA:245,0
DA:247,0
DA:250,0
DA:253,0
DA:254,0
DA:255,0
DA:256,0
DA:257,0
DA:258,0
DA:260,0
DA:261,0
DA:262,0
DA:263,0
DA:265,0
DA:266,0
DA:268,0
DA:271,0
DA:273,0
DA:274,0
DA:275,0
DA:276,0
DA:277,0
DA:278,0
DA:279,0
DA:281,0
DA:284,0
DA:286,2
DA:288,2
DA:309,0
DA:311,0
DA:312,0
DA:314,0
DA:315,0
DA:317,0
DA:318,0
DA:320,0
DA:321,0
DA:323,0
DA:324,0
DA:326,0
DA:327,0
DA:329,0
LF:102
LH:8
end_of_record
SF:lib/user_feed/src/domain/entities/link.dart
DA:24,20
LF:1
LH:1
end_of_record
SF:lib/user_feed/src/domain/entities/nudge.freezed.dart
DA:10,0
DA:12,0
DA:15,5
DA:16,5
DA:21,23
DA:23,0
DA:48,0
DA:64,0
DA:65,0
DA:74,0
DA:75,0
DA:76,0
DA:77,0
DA:78,0
DA:79,0
DA:80,0
DA:81,0
DA:82,0
DA:83,0
DA:84,0
DA:85,0
DA:86,0
DA:87,0
DA:88,0
DA:89,0
DA:90,0
DA:91,0
DA:92,0
DA:93,0
DA:94,0
DA:95,0
DA:96,0
DA:97,0
DA:99,0
DA:100,0
DA:101,0
DA:137,0
DA:143,0
DA:158,0
DA:159,0
DA:160,0
DA:163,0
DA:164,0
DA:167,0
DA:168,0
DA:171,0
DA:172,0
DA:175,0
DA:176,0
DA:179,0
DA:180,0
DA:183,0
DA:184,0
DA:187,0
DA:188,0
DA:191,0
DA:192,0
DA:195,0
DA:196,0
DA:199,0
DA:200,0
DA:203,0
DA:204,0
DA:246,0
DA:247,0
DA:249,0
DA:250,0
DA:252,0
DA:267,0
DA:268,0
DA:269,0
DA:272,0
DA:273,0
DA:276,0
DA:277,0
DA:280,0
DA:281,0
DA:284,0
DA:285,0
DA:288,0
DA:289,0
DA:292,0
DA:293,0
DA:296,0
DA:297,0
DA:300,0
DA:301,0
DA:304,0
DA:305,0
DA:308,0
DA:309,0
DA:312,0
DA:313,0
DA:323,5
DA:349,5
DA:350,5
DA:389,0
DA:391,0
DA:394,2
DA:397,2
DA:398,4
DA:399,6
DA:400,0
DA:402,0
DA:403,0
DA:404,0
DA:405,0
DA:406,0
DA:407,0
DA:409,0
DA:410,0
DA:412,0
DA:413,0
DA:414,0
DA:415,0
DA:416,0
DA:417,0
DA:418,0
DA:419,0
DA:420,0
DA:421,0
DA:422,0
DA:423,0
DA:425,0
DA:428,0
DA:430,0
DA:431,0
DA:432,0
DA:433,0
DA:434,0
DA:435,0
DA:436,0
DA:437,0
DA:438,0
DA:439,0
DA:440,0
DA:441,0
DA:442,0
DA:444,0
DA:447,0
DA:449,2
DA:451,2
DA:484,0
DA:486,0
DA:487,0
DA:489,0
DA:490,0
DA:492,0
DA:493,0
DA:495,0
DA:496,0
DA:498,0
DA:499,0
DA:501,0
DA:502,0
DA:504,0
DA:505,0
DA:507,0
DA:508,0
DA:510,0
DA:511,0
DA:513,0
DA:514,0
DA:516,0
DA:517,0
DA:519,0
DA:520,0
DA:522,0
LF:168
LH:12
end_of_record
SF:lib/user_feed/src/domain/entities/nudge.dart
DA:33,10
LF:1
LH:1
end_of_record
SF:lib/user_feed/src/domain/entities/nudge.g.dart
DA:9,5
DA:10,5
DA:11,5
DA:12,5
DA:13,5
DA:14,5
DA:15,5
DA:16,15
DA:17,5
DA:18,10
DA:20,10
DA:22,5
DA:23,5
DA:24,15
DA:25,5
DA:27,5
DA:28,11
DA:29,5
DA:30,0
DA:31,0
DA:32,0
DA:36,4
DA:37,2
DA:38,2
DA:39,2
DA:40,2
DA:41,10
DA:42,4
DA:43,4
DA:44,2
DA:45,10
DA:46,2
DA:47,2
DA:48,2
DA:49,0
DA:50,0
DA:53,5
DA:59,0
DA:61,0
DA:65,10
DA:66,15
DA:67,0
DA:69,0
DA:71,0
DA:74,0
DA:76,5
DA:79,5
DA:87,5
LF:48
LH:37
end_of_record
SF:lib/user_feed/src/application/helpers/utils.dart
DA:21,4
DA:23,4
DA:27,4
DA:29,4
DA:30,8
DA:33,8
DA:39,8
DA:40,12
DA:41,9
DA:42,3
DA:47,4
DA:49,12
DA:50,3
DA:51,3
DA:52,1
DA:57,12
DA:58,2
DA:59,1
DA:63,8
DA:68,3
DA:72,3
DA:76,6
DA:78,6
DA:80,3
DA:82,6
DA:83,3
DA:88,3
DA:91,2
DA:93,2
DA:98,2
DA:99,2
DA:100,2
DA:101,2
DA:110,3
DA:111,1
DA:113,2
DA:114,1
DA:119,1
DA:122,1
DA:124,2
DA:128,1
DA:129,1
DA:130,1
DA:131,1
DA:140,1
DA:144,2
DA:145,2
DA:146,6
DA:150,1
DA:151,1
DA:152,3
DA:154,2
DA:160,1
DA:161,1
DA:164,1
DA:167,1
DA:174,4
DA:178,1
DA:180,4
DA:182,16
DA:183,4
DA:184,4
DA:186,4
DA:187,1
DA:188,4
DA:190,16
DA:191,4
DA:197,5
DA:198,5
DA:201,5
DA:203,15
DA:208,2
DA:209,2
DA:212,2
DA:221,2
DA:222,4
DA:223,2
DA:225,2
DA:227,1
DA:233,5
DA:234,10
DA:235,12
DA:239,3
DA:241,3
DA:242,3
DA:243,9
DA:244,9
DA:245,3
LF:88
LH:88
end_of_record
SF:lib/user_feed/src/domain/value_objects/constants.dart
DA:77,12
DA:97,6
LF:2
LH:2
end_of_record
SF:lib/user_feed/src/domain/value_objects/enums.dart
DA:5,23
DA:14,1
DA:15,2
DA:20,23
DA:33,1
DA:34,2
DA:40,23
DA:45,1
DA:46,2
DA:51,23
DA:56,1
DA:57,2
DA:62,23
DA:67,1
DA:68,2
DA:73,23
DA:78,1
DA:79,2
DA:84,23
DA:89,1
DA:90,2
DA:95,23
DA:100,1
DA:101,2
LF:24
LH:24
end_of_record
SF:lib/user_feed/src/presentation/router/router_generator.dart
DA:7,1
DA:8,1
DA:9,1
DA:10,1
DA:13,1
DA:17,1
DA:18,1
LF:7
LH:7
end_of_record
SF:lib/user_feed/src/domain/value_objects/colors.dart
DA:19,12
DA:20,12
LF:2
LH:2
end_of_record
SF:lib/user_feed/src/domain/value_objects/feed_store.dart
DA:8,10
DA:10,5
DA:12,15
LF:3
LH:3
end_of_record
SF:lib/user_feed/src/domain/entities/message.freezed.dart
DA:10,0
DA:12,0
DA:15,5
DA:16,5
DA:21,23
DA:23,0
DA:31,0
DA:42,0
DA:43,0
DA:52,0
DA:53,0
DA:54,0
DA:55,0
DA:56,0
DA:57,0
DA:58,0
DA:59,0
DA:60,0
DA:61,0
DA:62,0
DA:63,0
DA:64,0
DA:65,0
DA:67,0
DA:68,0
DA:69,0
DA:88,0
DA:94,0
DA:104,0
DA:105,0
DA:106,0
DA:109,0
DA:110,0
DA:113,0
DA:114,0
DA:117,0
DA:118,0
DA:121,0
DA:122,0
DA:125,0
DA:126,0
DA:129,0
DA:130,0
DA:155,0
DA:156,0
DA:158,0
DA:159,0
DA:161,0
DA:171,0
DA:172,0
DA:173,0
DA:176,0
DA:177,0
DA:180,0
DA:181,0
DA:184,0
DA:185,0
DA:188,0
DA:189,0
DA:192,0
DA:193,0
DA:196,0
DA:197,0
DA:207,5
DA:216,5
DA:217,5
DA:241,0
DA:243,0
DA:246,0
DA:249,0
DA:250,0
DA:251,0
DA:252,0
DA:254,0
DA:255,0
DA:257,0
DA:258,0
DA:260,0
DA:261,0
DA:263,0
DA:264,0
DA:265,0
DA:266,0
DA:268,0
DA:271,0
DA:273,0
DA:274,0
DA:275,0
DA:276,0
DA:277,0
DA:278,0
DA:279,0
DA:280,0
DA:282,0
DA:285,0
DA:287,2
DA:289,2
DA:305,0
DA:307,0
DA:308,0
DA:310,0
DA:311,0
DA:313,0
DA:314,0
DA:316,0
DA:317,0
DA:319,0
DA:320,0
DA:322,0
DA:323,0
DA:325,0
DA:326,0
DA:329,0
LF:113
LH:8
end_of_record
SF:lib/user_feed/src/domain/entities/message.dart
DA:21,5
DA:22,5
LF:2
LH:2
end_of_record
SF:lib/user_feed/src/domain/entities/message.g.dart
DA:9,5
DA:10,5
DA:11,5
DA:12,5
DA:13,5
DA:14,5
DA:15,5
DA:16,5
DA:17,5
DA:21,2
DA:22,2
DA:23,2
DA:24,2
DA:25,2
DA:26,2
DA:27,2
DA:28,2
DA:29,2
LF:18
LH:18
end_of_record
SF:lib/user_feed/src/domain/resources/inputs.dart
DA:18,2
DA:19,2
DA:28,1
DA:29,2
DA:32,2
DA:33,2
LF:6
LH:6
end_of_record
SF:lib/user_feed/src/domain/resources/inputs.freezed.dart
DA:10,0
DA:12,0
DA:15,2
DA:16,2
DA:21,3
DA:23,0
DA:25,0
DA:30,0
DA:31,0
DA:40,0
DA:41,0
DA:43,0
DA:44,0
DA:46,0
DA:62,0
DA:68,0
DA:72,0
DA:73,0
DA:74,0
DA:80,0
DA:82,0
DA:83,0
DA:105,0
DA:107,0
DA:109,0
DA:110,0
DA:112,0
DA:116,0
DA:117,0
DA:118,0
DA:128,2
DA:130,2
DA:131,2
DA:137,0
DA:139,0
DA:142,0
DA:145,0
DA:146,0
DA:147,0
DA:150,0
DA:152,0
DA:154,0
DA:157,0
DA:160,0
DA:162,0
DA:174,0
DA:176,0
DA:177,0
DA:180,0
DA:183,2
DA:184,2
DA:189,3
DA:191,0
DA:192,0
DA:197,0
DA:198,0
DA:207,0
DA:208,0
DA:210,0
DA:211,0
DA:213,0
DA:228,0
DA:234,0
DA:238,0
DA:239,0
DA:240,0
DA:246,0
DA:248,0
DA:249,0
DA:270,0
DA:272,0
DA:274,0
DA:275,0
DA:277,0
DA:281,0
DA:282,0
DA:283,0
DA:293,3
DA:295,2
DA:296,2
DA:302,0
DA:304,0
DA:307,0
DA:310,0
DA:311,0
DA:312,0
DA:315,0
DA:317,0
DA:319,0
DA:322,0
DA:324,0
DA:326,0
DA:337,0
DA:339,0
DA:340,0
DA:343,0
LF:96
LH:12
end_of_record
SF:lib/user_feed/src/domain/resources/inputs.g.dart
DA:9,2
DA:11,2
DA:12,4
DA:16,0
DA:18,0
DA:19,0
DA:22,2
DA:23,2
DA:24,4
DA:28,0
DA:29,0
DA:30,0
LF:12
LH:6
end_of_record
SF:lib/user_feed/src/presentation/image_viewer/image_viewer.dart
DA:12,2
DA:16,2
DA:18,2
DA:20,2
DA:22,2
DA:23,2
DA:24,2
DA:25,4
LF:8
LH:8
end_of_record
SF:lib/ui_components/src/small_appbar.dart
DA:7,28
DA:30,3
DA:31,6
DA:33,3
DA:35,3
DA:36,6
DA:38,3
DA:39,3
DA:40,1
DA:41,1
DA:43,1
DA:44,1
DA:45,1
DA:46,2
DA:48,0
DA:51,0
DA:55,2
DA:57,12
DA:58,3
DA:59,3
DA:60,0
DA:62,0
DA:63,0
DA:64,0
DA:65,0
DA:66,0
DA:67,0
DA:68,0
DA:69,0
DA:70,0
DA:71,0
DA:73,0
DA:74,0
LF:33
LH:18
end_of_record
SF:lib/user_feed/src/presentation/widgets/nudge_carousel.dart
DA:15,3
DA:32,2
DA:33,2
DA:39,2
DA:41,6
DA:44,6
DA:48,5
DA:50,2
DA:52,2
DA:53,1
DA:54,2
DA:56,1
DA:57,2
DA:59,2
DA:62,2
DA:64,2
DA:65,2
DA:66,2
DA:71,2
DA:72,4
DA:73,6
DA:74,2
DA:75,2
DA:80,1
DA:81,2
DA:82,1
DA:89,1
DA:91,8
DA:93,2
DA:95,6
DA:96,2
DA:99,6
DA:100,2
DA:101,4
DA:106,2
DA:108,4
DA:110,2
DA:114,2
DA:116,8
DA:117,1
LF:40
LH:40
end_of_record
SF:lib/user_feed/src/presentation/image_viewer/image_grid.dart
DA:15,3
DA:19,1
DA:21,1
DA:24,1
DA:25,1
DA:27,1
DA:30,1
DA:31,3
DA:32,1
DA:34,1
DA:36,1
DA:42,2
DA:43,1
DA:44,2
DA:45,1
DA:46,3
DA:47,1
DA:48,4
DA:49,1
DA:50,2
DA:51,1
DA:52,2
DA:53,3
DA:58,1
DA:60,1
DA:62,1
DA:64,1
DA:66,1
LF:28
LH:28
end_of_record
SF:lib/user_feed/src/presentation/widgets/feed_action_buttons.dart
DA:13,4
DA:36,4
DA:38,4
DA:39,4
DA:42,4
DA:43,4
DA:44,4
DA:45,4
DA:46,4
DA:47,8
DA:48,4
DA:49,4
DA:50,4
DA:52,4
DA:53,4
DA:55,4
DA:62,1
DA:87,1
DA:89,1
DA:90,1
DA:91,1
DA:92,1
DA:93,1
DA:94,1
DA:95,1
DA:96,3
DA:103,1
DA:119,1
DA:121,1
DA:122,1
DA:123,1
DA:124,1
DA:125,1
DA:126,1
DA:127,1
DA:128,3
DA:137,4
DA:142,4
DA:148,8
DA:150,12
DA:151,8
DA:153,4
DA:154,4
DA:155,2
DA:156,2
DA:160,4
DA:166,1
DA:167,1
DA:168,1
DA:169,1
DA:177,1
DA:178,1
DA:179,1
LF:53
LH:53
end_of_record
SF:lib/user_feed/src/presentation/widgets/feed_nudge.dart
DA:16,3
DA:20,3
DA:23,6
DA:24,6
DA:26,6
DA:28,3
DA:29,3
DA:30,3
DA:33,3
DA:36,3
DA:38,12
DA:39,9
DA:40,15
DA:44,3
DA:49,3
DA:52,3
DA:53,3
DA:54,6
DA:55,3
DA:56,6
DA:57,3
DA:60,3
DA:61,3
DA:63,3
DA:64,6
DA:65,6
DA:69,3
LF:27
LH:27
end_of_record
SF:lib/user_feed/src/presentation/widgets/feed_item_comment_card.dart
DA:12,1
DA:22,1
DA:24,1
DA:27,1
DA:28,2
DA:30,1
DA:32,1
DA:34,1
DA:35,1
DA:47,1
DA:48,1
DA:49,1
DA:52,1
DA:53,1
DA:54,1
DA:55,1
DA:57,1
DA:58,2
DA:60,1
DA:61,1
DA:62,1
DA:64,1
DA:65,1
DA:67,1
LF:24
LH:24
end_of_record
SF:lib/user_feed/src/presentation/widgets/feed_item_body.dart
DA:16,3
DA:31,3
DA:32,3
DA:42,3
DA:45,3
DA:46,9
DA:52,12
DA:54,3
DA:57,1
DA:62,1
DA:63,3
DA:64,1
DA:65,1
DA:70,1
DA:71,2
DA:74,3
DA:76,12
DA:77,3
DA:78,6
DA:79,3
DA:81,3
DA:82,3
DA:85,3
DA:87,3
DA:89,3
DA:90,3
DA:95,6
DA:100,3
DA:101,9
DA:102,2
DA:104,2
DA:107,2
DA:113,3
DA:115,15
DA:116,3
DA:119,9
DA:120,2
DA:121,2
DA:123,8
DA:126,8
DA:127,1
DA:130,1
DA:132,1
DA:133,1
DA:137,1
DA:138,1
DA:139,1
DA:140,1
DA:141,2
DA:142,1
DA:150,3
LF:51
LH:51
end_of_record
SF:lib/user_feed/src/presentation/widgets/feed_item_component.dart
DA:17,2
DA:21,2
DA:24,4
DA:25,4
DA:26,4
DA:27,6
DA:28,4
DA:29,6
DA:34,4
DA:38,2
DA:41,4
DA:43,4
DA:45,2
DA:47,1
DA:48,1
DA:49,2
DA:50,1
DA:51,2
DA:55,1
DA:63,2
DA:64,2
DA:66,2
DA:67,2
DA:68,2
DA:69,2
DA:74,2
DA:76,2
DA:77,2
DA:81,2
DA:83,2
DA:93,2
DA:98,2
LF:32
LH:32
end_of_record
SF:lib/user_feed/src/presentation/widgets/feed_item_title_bar.dart
DA:19,4
DA:32,4
DA:37,4
DA:39,4
DA:41,4
DA:43,4
DA:46,4
DA:48,4
DA:49,4
DA:51,4
DA:53,8
DA:58,4
DA:59,4
DA:60,4
DA:61,4
DA:62,4
DA:64,4
DA:66,8
DA:67,4
DA:68,4
DA:71,4
DA:74,4
DA:75,8
DA:76,4
LF:24
LH:24
end_of_record
SF:lib/user_feed/src/presentation/widgets/feed_item_detail_view.dart
DA:19,2
DA:37,2
DA:38,2
DA:42,1
DA:44,1
DA:45,1
DA:48,2
DA:52,6
DA:53,6
DA:54,6
DA:55,6
DA:56,6
DA:57,1
DA:58,2
DA:59,1
DA:60,1
DA:61,1
DA:62,1
DA:63,1
DA:68,1
DA:71,1
DA:72,1
DA:79,2
DA:81,2
DA:82,4
DA:83,4
DA:88,1
DA:93,1
DA:94,3
DA:97,2
DA:99,6
DA:100,6
DA:101,8
DA:102,8
DA:104,8
DA:106,2
DA:108,2
DA:111,2
DA:116,2
DA:119,2
DA:120,2
DA:121,2
DA:122,2
DA:123,2
DA:124,2
DA:127,2
DA:129,2
DA:130,2
DA:136,2
DA:137,10
DA:138,1
DA:139,6
DA:140,1
DA:143,1
DA:144,1
DA:145,2
DA:150,2
DA:151,2
DA:153,2
DA:155,2
DA:156,2
DA:158,2
DA:161,2
DA:165,2
DA:166,2
DA:167,2
LF:66
LH:66
end_of_record
SF:lib/user_feed/src/presentation/widgets/feed_zero_state.dart
DA:10,1
DA:14,1
DA:16,4
DA:17,1
DA:19,1
DA:20,1
DA:23,4
DA:24,3
DA:26,1
DA:28,1
DA:31,3
DA:34,1
DA:36,1
DA:37,1
DA:40,4
LF:15
LH:15
end_of_record
SF:lib/user_feed/src/presentation/preloaders/global_action_item_shimmer.dart
DA:11,1
DA:15,1
DA:17,1
DA:18,2
DA:19,1
DA:23,1
DA:24,3
DA:25,2
DA:26,1
DA:28,1
DA:29,1
DA:30,1
DA:35,1
DA:36,1
DA:37,1
DA:42,1
DA:43,1
DA:44,1
DA:55,1
DA:64,1
DA:66,1
DA:67,1
DA:68,1
DA:69,1
DA:70,1
DA:71,1
DA:72,1
DA:73,1
DA:77,1
DA:78,1
DA:80,1
DA:81,1
LF:32
LH:32
end_of_record
SF:lib/user_feed/src/presentation/core/feed.dart
DA:22,1
DA:58,1
DA:59,1
DA:63,1
DA:65,1
DA:66,1
DA:67,4
DA:68,4
DA:71,1
DA:73,4
DA:76,1
DA:79,1
DA:81,1
DA:83,1
DA:84,1
DA:88,1
DA:89,1
DA:95,1
DA:97,1
DA:99,1
DA:100,1
DA:102,1
DA:104,1
DA:105,1
DA:106,3
DA:107,1
DA:109,1
DA:118,1
DA:123,1
DA:124,1
DA:125,3
DA:127,1
DA:129,1
DA:131,2
DA:132,3
DA:133,2
DA:134,1
DA:135,1
DA:137,1
DA:141,2
DA:145,3
LF:41
LH:41
end_of_record
SF:lib/user_feed/src/presentation/preloaders/nudge_shimmer.dart
DA:9,2
DA:13,2
DA:15,2
DA:17,6
DA:18,2
DA:19,2
DA:20,2
DA:21,2
DA:22,2
DA:23,2
DA:24,2
DA:25,2
DA:27,6
DA:35,2
DA:38,2
DA:39,2
DA:40,2
DA:41,2
DA:42,2
DA:43,2
DA:54,2
DA:57,2
DA:58,2
DA:59,2
DA:60,2
DA:61,2
DA:62,2
DA:64,8
DA:73,2
DA:76,2
DA:77,2
DA:78,2
DA:79,2
DA:80,2
DA:81,2
DA:83,8
DA:84,2
DA:86,2
LF:38
LH:38
end_of_record
SF:lib/user_feed/src/presentation/preloaders/feed_item_shimmer.dart
DA:9,2
DA:13,2
DA:15,2
DA:18,2
DA:19,2
DA:20,2
DA:21,2
DA:22,2
DA:23,2
DA:31,2
DA:34,2
DA:35,2
DA:36,2
DA:37,2
DA:47,2
DA:50,2
DA:51,2
DA:52,2
DA:53,2
DA:54,2
DA:55,2
DA:66,2
DA:69,2
DA:70,2
DA:71,2
DA:72,2
DA:73,2
DA:74,2
DA:85,2
DA:88,2
DA:89,2
DA:90,2
DA:91,2
DA:92,2
DA:93,2
DA:104,2
DA:108,2
DA:109,2
DA:110,2
DA:111,2
DA:112,2
DA:113,2
LF:42
LH:42
end_of_record
SF:lib/domain_objects/value_objects/email_address.dart
DA:18,1
DA:20,9
DA:23,9
DA:24,9
DA:25,9
DA:29,1
DA:30,2
DA:35,3
DA:39,9
DA:40,9
DA:43,9
DA:44,9
DA:46,5
DA:47,5
DA:57,48
DA:59,1
DA:61,1
DA:63,1
DA:65,1
DA:66,1
LF:20
LH:20
end_of_record
SF:lib/domain_objects/value_objects/email_address.g.dart
DA:9,1
DA:10,1
DA:11,2
DA:15,0
DA:16,0
DA:17,0
LF:6
LH:3
end_of_record
SF:lib/domain_objects/value_objects/phone_number.dart
DA:17,3
DA:19,8
DA:22,8
DA:23,8
DA:24,8
DA:28,3
DA:29,6
DA:34,3
DA:37,9
DA:39,9
DA:44,9
DA:47,9
DA:53,9
DA:56,9
DA:57,2
DA:58,1
DA:59,1
DA:60,9
DA:62,1
DA:63,1
DA:73,48
DA:75,3
DA:77,3
DA:79,1
DA:81,1
DA:82,1
LF:26
LH:26
end_of_record
SF:lib/domain_objects/value_objects/phone_number.g.dart
DA:9,3
DA:10,3
DA:11,6
DA:15,0
DA:16,0
DA:17,0
LF:6
LH:3
end_of_record
SF:lib/user_profile/contact_item.dart
DA:16,12
DA:26,2
DA:28,2
DA:29,2
DA:31,4
DA:33,2
DA:35,2
DA:36,4
DA:37,2
DA:38,1
DA:39,1
DA:40,1
DA:42,1
DA:44,2
DA:45,2
DA:46,1
DA:47,1
DA:49,1
DA:51,1
DA:55,1
DA:56,1
DA:58,1
DA:60,2
DA:62,1
DA:63,1
DA:66,1
DA:67,1
DA:69,1
DA:71,1
DA:77,2
DA:78,2
DA:80,1
DA:81,1
DA:83,2
DA:84,1
DA:85,1
DA:87,2
DA:89,2
DA:100,1
DA:106,1
DA:109,1
DA:111,1
DA:112,2
DA:113,1
DA:114,1
DA:115,1
DA:116,1
DA:117,1
DA:118,1
DA:123,2
DA:124,1
DA:127,1
DA:128,1
DA:130,1
DA:131,1
DA:132,2
DA:135,3
DA:137,1
DA:140,2
DA:141,3
DA:143,2
DA:145,1
DA:149,2
DA:151,1
DA:154,1
DA:156,1
DA:159,1
DA:161,1
DA:162,2
DA:173,1
DA:178,1
DA:180,1
DA:182,1
DA:185,1
DA:186,1
DA:190,1
DA:192,1
DA:193,1
DA:196,1
DA:197,1
DA:198,1
DA:200,1
DA:201,1
DA:205,1
DA:207,1
DA:208,1
DA:210,1
DA:212,1
DA:213,1
DA:215,2
DA:217,1
DA:218,1
DA:220,1
DA:221,1
DA:223,1
DA:225,1
LF:96
LH:96
end_of_record
SF:lib/user_profile/contact_utils.dart
DA:11,24
DA:22,24
DA:33,6
DA:43,3
DA:44,6
DA:48,2
DA:54,8
DA:59,4
DA:60,4
DA:61,1
DA:67,4
DA:70,2
DA:72,8
DA:75,1
DA:81,1
DA:85,4
DA:86,1
DA:89,2
DA:90,2
DA:91,1
DA:97,2
DA:102,1
DA:104,4
DA:107,1
DA:113,1
DA:117,4
DA:118,1
DA:121,2
DA:122,2
DA:123,1
DA:129,2
DA:133,1
DA:135,4
DA:138,1
DA:144,3
DA:152,6
DA:156,6
DA:157,6
DA:158,2
DA:160,1
DA:164,6
DA:171,1
DA:172,2
DA:175,1
DA:176,2
DA:178,2
DA:179,2
DA:180,2
DA:182,1
DA:186,2
DA:187,1
DA:188,2
DA:191,2
DA:197,8
DA:202,4
DA:203,4
DA:204,1
DA:210,4
DA:214,2
DA:216,8
DA:219,2
DA:225,2
DA:231,8
DA:236,4
DA:237,4
DA:238,1
DA:244,4
DA:248,1
DA:250,8
DA:253,1
DA:259,4
DA:265,16
DA:268,8
DA:270,8
DA:271,8
DA:272,1
DA:276,4
DA:278,16
DA:281,2
DA:287,2
DA:293,8
DA:296,4
DA:298,4
DA:299,4
DA:300,1
DA:304,2
DA:306,8
DA:309,2
DA:315,2
DA:322,2
DA:323,2
DA:326,1
DA:327,1
DA:331,6
DA:334,4
DA:336,4
DA:337,4
DA:338,1
DA:345,4
DA:351,2
DA:357,2
DA:359,8
DA:364,1
DA:372,2
DA:375,2
DA:377,2
DA:379,2
DA:380,4
DA:381,2
DA:386,4
DA:387,2
DA:394,4
DA:395,2
DA:396,6
DA:398,2
DA:401,1
DA:402,2
DA:409,1
DA:413,2
DA:423,2
DA:424,4
DA:426,4
DA:427,4
DA:428,2
DA:429,2
DA:431,1
DA:435,4
DA:436,4
DA:438,2
DA:443,2
DA:444,2
DA:445,4
DA:448,1
DA:455,2
DA:459,2
DA:462,2
DA:464,2
DA:465,2
DA:466,2
DA:468,1
DA:471,2
DA:472,2
DA:474,1
LF:143
LH:143
end_of_record
SF:lib/user_profile/contacts.dart
DA:15,2
DA:19,1
DA:21,1
DA:22,1
DA:23,1
DA:24,1
DA:25,1
DA:29,1
DA:30,2
DA:33,1
DA:35,1
DA:36,3
DA:37,2
DA:41,1
DA:42,2
DA:44,2
DA:47,2
DA:49,1
DA:62,6
DA:83,3
DA:84,3
DA:87,1
DA:89,3
DA:90,3
DA:91,5
DA:92,5
DA:93,5
LF:27
LH:27
end_of_record
SF:lib/domain_objects/failures/value_object_failure.freezed.dart
DA:10,0
DA:12,0
DA:17,24
DA:19,0
DA:20,0
DA:25,0
DA:26,0
DA:31,0
DA:33,0
DA:44,0
DA:46,0
DA:52,0
DA:53,0
DA:60,0
DA:61,0
DA:68,0
DA:69,0
DA:77,0
DA:79,0
DA:81,0
DA:95,0
DA:101,0
DA:105,0
DA:106,0
DA:107,0
DA:128,0
DA:130,0
DA:132,0
DA:133,0
DA:135,0
DA:139,0
DA:140,0
DA:141,0
DA:151,7
DA:156,1
DA:158,2
DA:161,1
DA:164,1
DA:165,2
DA:167,0
DA:170,0
DA:172,0
DA:174,0
DA:177,0
DA:180,0
DA:187,0
DA:190,0
DA:199,0
DA:201,0
DA:204,0
DA:212,0
DA:215,0
DA:225,0
DA:227,0
DA:235,0
DA:236,0
DA:237,0
DA:240,0
DA:257,0
DA:259,0
DA:261,0
DA:262,0
DA:264,0
DA:268,0
DA:269,0
DA:270,0
DA:280,2
DA:285,0
DA:287,0
DA:290,1
DA:293,1
DA:294,2
DA:296,0
DA:299,0
DA:301,0
DA:303,0
DA:306,0
DA:309,0
DA:316,0
DA:319,0
DA:328,0
DA:330,0
DA:333,0
DA:341,0
DA:344,0
DA:354,0
DA:356,0
DA:364,0
DA:365,0
DA:366,0
DA:369,0
DA:386,0
DA:388,0
DA:390,0
DA:392,0
DA:394,0
DA:398,0
DA:399,0
DA:400,0
DA:410,0
DA:415,0
DA:417,0
DA:420,0
DA:423,0
DA:424,0
DA:426,0
DA:429,0
DA:431,0
DA:433,0
DA:436,0
DA:439,0
DA:446,0
DA:449,0
DA:458,0
DA:460,0
DA:463,0
DA:471,0
DA:474,0
DA:484,0
DA:486,0
DA:494,0
DA:495,0
DA:496,0
DA:499,0
LF:124
LH:11
end_of_record
SF:lib/domain_objects/failures/value_object_failure.dart
DA:24,2
DA:28,1
DA:30,2
LF:3
LH:3
end_of_record
SF:lib/domain_objects/value_objects/value_object.dart
DA:7,13
DA:10,3
DA:12,9
DA:13,2
DA:14,3
DA:16,3
DA:19,12
DA:22,1
DA:23,2
DA:25,1
DA:26,2
LF:11
LH:11
end_of_record
SF:lib/user_profile/add_contact.dart
DA:17,2
DA:22,2
DA:23,2
DA:25,2
DA:27,2
DA:28,4
DA:40,2
DA:55,2
DA:57,2
DA:58,2
DA:63,2
DA:64,2
DA:65,2
DA:66,2
DA:67,2
DA:68,2
DA:69,2
DA:70,2
DA:73,2
DA:74,2
DA:75,2
DA:76,2
DA:79,2
DA:80,2
DA:81,2
DA:82,2
DA:83,2
DA:84,2
DA:86,2
DA:87,2
DA:89,1
DA:90,1
DA:92,2
DA:94,4
DA:97,2
DA:110,2
DA:121,2
DA:122,2
DA:137,2
DA:138,4
DA:139,2
DA:143,1
DA:144,3
DA:145,2
DA:148,2
DA:150,6
DA:151,2
DA:152,2
DA:153,2
DA:154,2
DA:155,4
DA:157,6
DA:158,1
DA:159,1
DA:162,1
DA:163,1
DA:164,1
DA:169,6
DA:170,2
DA:175,2
DA:177,2
DA:178,2
DA:182,4
DA:188,2
DA:189,4
DA:192,2
DA:194,4
DA:195,10
DA:196,2
DA:199,2
DA:201,2
DA:202,2
DA:205,6
DA:206,10
DA:208,2
DA:209,4
DA:210,2
DA:211,2
DA:212,4
DA:219,4
DA:221,2
DA:222,2
DA:228,1
DA:229,5
DA:231,1
DA:233,1
DA:234,1
DA:235,1
DA:236,1
DA:242,1
DA:243,1
DA:244,1
DA:247,1
DA:250,2
DA:252,4
DA:253,2
DA:254,2
DA:255,10
DA:263,2
DA:268,2
DA:269,2
DA:271,2
DA:272,4
DA:273,2
LF:104
LH:104
end_of_record
SF:lib/user_profile/constants.dart
DA:62,2
DA:63,2
DA:65,2
DA:66,2
DA:67,2
DA:69,2
DA:71,2
DA:74,2
DA:76,2
DA:78,2
DA:83,4
DA:85,3
DA:87,3
DA:91,8
DA:93,3
DA:95,2
DA:97,3
LF:17
LH:17
end_of_record
SF:lib/user_profile/helpers.dart
DA:10,1
DA:16,1
DA:17,1
DA:18,1
DA:19,1
DA:20,1
DA:22,2
DA:24,2
DA:27,2
DA:32,1
DA:35,2
DA:40,1
DA:43,1
DA:49,1
DA:51,2
DA:53,2
DA:54,1
DA:56,1
DA:58,1
DA:62,2
DA:69,2
DA:72,3
DA:74,2
DA:75,1
DA:79,4
DA:81,2
LF:26
LH:26
end_of_record
SF:lib/user_profile/set_to_primary.dart
DA:17,1
DA:21,1
DA:22,1
DA:26,1
DA:27,1
DA:28,2
DA:29,1
DA:31,1
DA:41,1
DA:42,1
DA:59,3
DA:69,3
DA:70,3
DA:81,3
DA:83,12
DA:84,3
DA:87,3
DA:89,9
DA:90,3
DA:91,3
DA:92,3
DA:93,9
DA:94,9
DA:96,3
DA:97,17
DA:98,2
DA:105,1
DA:106,3
DA:108,3
DA:110,1
DA:111,1
DA:112,1
DA:114,1
DA:116,1
DA:117,1
DA:118,3
DA:119,1
DA:122,1
DA:123,1
DA:124,1
DA:129,1
DA:130,1
DA:131,3
DA:133,1
DA:134,1
DA:135,2
DA:140,2
DA:141,3
DA:142,2
DA:143,2
DA:146,1
DA:148,1
DA:150,1
DA:157,2
DA:158,2
DA:159,2
DA:164,2
DA:165,2
DA:167,2
DA:169,2
DA:170,2
DA:171,6
DA:172,4
DA:175,2
DA:176,8
DA:177,2
DA:180,2
DA:181,1
DA:182,1
DA:183,3
DA:185,2
DA:186,1
DA:187,3
DA:188,2
DA:189,2
DA:191,3
DA:195,5
DA:202,2
DA:203,2
DA:206,2
DA:207,1
DA:208,1
DA:212,2
DA:220,2
DA:221,2
DA:222,2
DA:227,2
DA:228,2
DA:230,2
DA:232,2
DA:233,2
DA:234,6
DA:235,4
DA:238,2
DA:239,8
DA:240,2
DA:243,2
DA:245,1
DA:246,1
DA:247,3
DA:248,2
DA:249,1
DA:250,3
DA:251,2
DA:252,2
DA:254,3
DA:258,5
DA:266,2
DA:267,2
DA:270,2
DA:271,1
DA:272,1
DA:276,2
DA:286,3
DA:287,3
DA:289,3
DA:290,6
DA:291,3
LF:118
LH:118
end_of_record
SF:lib/user_profile/contact_items_card.dart
DA:17,1
DA:32,1
DA:33,1
DA:36,1
DA:37,1
DA:38,1
DA:39,1
DA:40,1
DA:41,1
DA:44,1
DA:45,1
DA:46,2
DA:47,1
DA:48,1
DA:50,3
DA:51,1
DA:53,1
DA:54,1
DA:56,1
DA:67,1
DA:70,1
DA:72,1
DA:75,1
DA:76,2
DA:77,1
DA:78,1
DA:79,1
DA:80,1
DA:81,1
DA:86,1
DA:87,1
DA:89,1
DA:91,1
DA:92,1
DA:93,1
DA:101,2
DA:106,1
DA:107,2
DA:114,1
DA:116,1
DA:118,1
DA:119,1
DA:121,1
DA:122,1
DA:124,1
DA:127,1
DA:128,3
DA:130,1
DA:131,1
DA:132,1
DA:133,1
DA:134,1
DA:135,1
DA:142,1
LF:54
LH:54
end_of_record
SF:lib/user_profile/contact_type.dart
DA:4,1
DA:9,1
DA:10,2
LF:3
LH:3
end_of_record
SF:lib/user_profile/mutations.dart
DA:7,1
DA:9,1
LF:2
LH:2
end_of_record
SF:lib/user_feed/src/presentation/preloaders/feed_preloaders.dart
DA:13,1
DA:24,1
DA:26,1
DA:27,1
DA:28,1
DA:29,1
DA:30,1
DA:32,1
DA:33,1
DA:35,1
DA:37,1
DA:38,1
DA:40,1
DA:42,1
DA:43,1
DA:45,1
LF:16
LH:16
end_of_record
SF:lib/ui_components/src/verify_phone_otp.dart
DA:18,1
DA:52,1
DA:53,1
DA:58,1
DA:75,1
DA:77,2
DA:79,4
DA:83,1
DA:85,3
DA:86,2
DA:87,1
DA:90,1
DA:93,1
DA:95,2
DA:96,1
DA:99,1
DA:101,3
DA:104,1
DA:105,1
DA:106,1
DA:107,4
DA:108,2
DA:109,2
DA:110,2
DA:111,2
DA:113,2
DA:114,5
DA:117,2
DA:118,1
DA:121,1
DA:123,1
DA:124,2
DA:125,2
DA:126,2
DA:129,1
DA:130,3
DA:131,3
DA:134,1
DA:136,3
DA:138,1
DA:139,1
DA:140,1
DA:141,1
DA:142,1
DA:148,1
DA:149,2
DA:150,1
DA:151,4
DA:152,1
DA:155,2
DA:156,1
DA:157,5
DA:158,1
DA:161,1
DA:166,2
DA:167,2
DA:169,1
DA:170,2
DA:171,2
DA:172,1
DA:173,2
DA:174,3
DA:175,2
DA:176,1
DA:182,1
DA:183,1
DA:184,1
DA:186,2
DA:187,1
DA:188,1
DA:189,1
DA:192,1
DA:193,1
DA:195,2
DA:196,1
DA:197,2
DA:198,1
DA:199,3
DA:202,2
DA:204,2
DA:205,2
DA:206,1
DA:207,2
DA:208,2
DA:209,2
DA:210,2
DA:211,2
DA:213,1
DA:214,1
DA:219,1
DA:220,2
DA:221,1
DA:222,1
DA:223,3
DA:225,1
DA:227,1
DA:231,1
DA:238,1
DA:239,1
DA:242,1
DA:243,2
DA:244,1
LF:102
LH:102
end_of_record
SF:lib/ui_components/src/animated_count.dart
DA:5,1
DA:10,1
DA:12,1
DA:18,1
DA:20,5
DA:21,2
DA:24,1
DA:26,1
DA:27,1
DA:28,1
DA:30,1
DA:31,4
DA:32,1
LF:13
LH:13
end_of_record
SF:lib/domain_objects/value_objects/enums.dart
DA:4,11
DA:9,1
DA:11,1
DA:13,1
DA:15,1
DA:22,11
DA:36,1
DA:38,1
DA:40,1
DA:42,1
DA:44,1
DA:46,1
DA:48,1
DA:50,1
DA:59,11
DA:64,1
DA:66,1
DA:68,1
DA:70,1
DA:72,1
DA:81,11
DA:90,1
DA:92,1
DA:94,1
DA:103,11
DA:112,2
DA:114,2
LF:27
LH:27
end_of_record
SF:lib/user_profile/term_and_conditions.dart
DA:11,1
DA:15,1
DA:16,1
DA:20,1
DA:25,1
DA:26,1
DA:29,1
DA:30,2
DA:34,1
DA:35,1
DA:36,1
DA:38,1
DA:43,1
DA:44,1
DA:47,1
DA:49,1
DA:51,1
DA:55,1
DA:56,2
DA:59,1
DA:61,2
DA:62,1
DA:63,1
LF:23
LH:23
end_of_record
SF:lib/domain_objects/entities/address.dart
DA:19,1
DA:20,1
LF:2
LH:2
end_of_record
SF:lib/domain_objects/entities/address.freezed.dart
DA:10,0
DA:12,0
DA:15,1
DA:16,1
DA:21,10
DA:23,0
DA:30,0
DA:40,0
DA:41,0
DA:50,0
DA:51,0
DA:52,0
DA:53,0
DA:54,0
DA:55,0
DA:56,0
DA:57,0
DA:58,0
DA:59,0
DA:60,0
DA:61,0
DA:63,0
DA:64,0
DA:65,0
DA:83,0
DA:89,0
DA:98,0
DA:99,0
DA:100,0
DA:103,0
DA:104,0
DA:107,0
DA:108,0
DA:111,0
DA:112,0
DA:115,0
DA:116,0
DA:119,0
DA:120,0
DA:144,0
DA:145,0
DA:147,0
DA:148,0
DA:150,0
DA:159,0
DA:160,0
DA:161,0
DA:164,0
DA:165,0
DA:168,0
DA:169,0
DA:172,0
DA:173,0
DA:176,0
DA:177,0
DA:180,0
DA:181,0
DA:191,2
DA:199,1
DA:200,1
DA:221,0
DA:223,0
DA:226,1
DA:229,1
DA:230,2
DA:232,0
DA:233,2
DA:235,0
DA:236,2
DA:238,0
DA:239,2
DA:240,0
DA:241,2
DA:243,0
DA:244,2
DA:246,0
DA:249,0
DA:251,0
DA:252,0
DA:253,0
DA:254,0
DA:255,0
DA:256,0
DA:257,0
DA:259,0
DA:262,0
DA:264,0
DA:266,0
DA:282,0
DA:284,0
DA:285,0
DA:287,0
DA:288,0
DA:290,0
DA:291,0
DA:293,0
DA:294,0
DA:296,0
DA:297,0
DA:299,0
DA:300,0
DA:303,0
LF:102
LH:14
end_of_record
SF:lib/domain_objects/entities/address.g.dart
DA:9,1
DA:10,1
DA:11,1
DA:12,1
DA:13,1
DA:14,1
DA:15,1
DA:16,1
DA:20,0
DA:21,0
DA:22,0
DA:23,0
DA:24,0
DA:25,0
DA:26,0
DA:27,0
LF:16
LH:8
end_of_record
SF:lib/domain_objects/entities/bio_data.dart
DA:18,4
DA:19,2
DA:20,2
DA:23,3
DA:24,3
LF:5
LH:5
end_of_record
SF:lib/domain_objects/entities/bio_data.freezed.dart
DA:10,0
DA:12,0
DA:15,3
DA:16,3
DA:21,10
DA:23,0
DA:32,0
DA:40,0
DA:41,0
DA:50,0
DA:51,0
DA:52,0
DA:53,0
DA:54,0
DA:55,0
DA:56,0
DA:57,0
DA:59,0
DA:60,0
DA:61,0
DA:81,0
DA:87,0
DA:94,0
DA:95,0
DA:96,0
DA:99,0
DA:100,0
DA:103,0
DA:104,0
DA:107,0
DA:108,0
DA:134,0
DA:135,0
DA:137,0
DA:138,0
DA:140,0
DA:147,0
DA:148,0
DA:149,0
DA:152,0
DA:153,0
DA:156,0
DA:157,0
DA:160,0
DA:161,0
DA:171,3
DA:177,3
DA:178,3
DA:193,0
DA:195,0
DA:198,1
DA:201,1
DA:202,2
DA:204,3
DA:205,2
DA:207,3
DA:208,2
DA:210,0
DA:211,2
DA:212,0
DA:215,0
DA:217,0
DA:218,0
DA:219,0
DA:220,0
DA:221,0
DA:223,0
DA:226,0
DA:228,1
DA:230,1
DA:247,0
DA:249,0
DA:250,0
DA:252,0
DA:253,0
DA:255,0
DA:256,0
DA:258,0
DA:259,0
DA:262,0
LF:80
LH:16
end_of_record
SF:lib/domain_objects/entities/bio_data.g.dart
DA:9,3
DA:10,3
DA:11,3
DA:13,6
DA:14,3
DA:16,6
DA:17,3
DA:18,6
DA:23,1
DA:24,1
DA:25,2
DA:26,2
DA:27,1
DA:28,2
DA:31,3
DA:37,0
DA:39,0
DA:43,6
DA:44,9
DA:45,1
DA:47,0
DA:49,0
DA:52,3
DA:54,3
DA:57,3
DA:65,3
LF:26
LH:22
end_of_record
SF:lib/domain_objects/entities/cover.freezed.dart
DA:10,0
DA:12,0
DA:15,1
DA:16,1
DA:21,10
DA:23,0
DA:30,0
DA:40,0
DA:41,0
DA:50,0
DA:51,0
DA:52,0
DA:53,0
DA:54,0
DA:55,0
DA:56,0
DA:57,0
DA:58,0
DA:59,0
DA:60,0
DA:61,0
DA:63,0
DA:64,0
DA:65,0
DA:83,0
DA:89,0
DA:98,0
DA:99,0
DA:100,0
DA:103,0
DA:104,0
DA:107,0
DA:108,0
DA:111,0
DA:112,0
DA:115,0
DA:116,0
DA:119,0
DA:120,0
DA:144,0
DA:145,0
DA:147,0
DA:148,0
DA:150,0
DA:159,0
DA:160,0
DA:161,0
DA:164,0
DA:165,0
DA:168,0
DA:169,0
DA:172,0
DA:173,0
DA:176,0
DA:177,0
DA:180,0
DA:181,0
DA:191,1
DA:199,1
DA:200,1
DA:221,0
DA:223,0
DA:226,0
DA:229,0
DA:230,0
DA:232,0
DA:233,0
DA:235,0
DA:236,0
DA:238,0
DA:239,0
DA:241,0
DA:242,0
DA:244,0
DA:245,0
DA:247,0
DA:250,0
DA:252,0
DA:253,0
DA:254,0
DA:255,0
DA:256,0
DA:257,0
DA:258,0
DA:260,0
DA:263,0
DA:265,0
DA:267,0
DA:282,0
DA:284,0
DA:285,0
DA:287,0
DA:288,0
DA:290,0
DA:291,0
DA:293,0
DA:294,0
DA:296,0
DA:297,0
DA:299,0
DA:300,0
DA:302,0
LF:102
LH:6
end_of_record
SF:lib/domain_objects/entities/cover.dart
DA:19,2
LF:1
LH:1
end_of_record
SF:lib/domain_objects/entities/cover.g.dart
DA:9,1
DA:10,1
DA:11,1
DA:12,1
DA:13,1
DA:14,1
DA:15,1
DA:16,1
DA:20,0
DA:21,0
DA:22,0
DA:23,0
DA:24,0
DA:25,0
DA:26,0
LF:15
LH:8
end_of_record
SF:lib/domain_objects/entities/user_profile.g.dart
DA:9,2
DA:10,2
DA:11,2
DA:12,2
DA:14,4
DA:15,2
DA:17,4
DA:18,2
DA:20,0
DA:21,2
DA:22,6
DA:23,2
DA:24,2
DA:25,0
DA:26,0
DA:27,2
DA:28,2
DA:29,2
DA:30,2
DA:31,1
DA:32,2
DA:33,1
DA:34,2
DA:36,4
DA:37,2
DA:39,0
DA:40,2
DA:42,0
DA:43,2
DA:44,4
DA:49,1
DA:50,1
DA:51,1
DA:52,2
DA:53,2
DA:54,1
DA:56,1
DA:58,1
DA:59,1
DA:60,1
DA:61,1
DA:62,1
DA:63,1
DA:64,1
DA:65,1
DA:66,1
DA:67,2
DA:70,1
DA:76,0
DA:78,0
DA:82,2
DA:83,3
DA:84,0
DA:86,0
DA:88,0
DA:91,0
DA:93,1
DA:96,2
DA:104,1
LF:59
LH:48
end_of_record
SF:lib/domain_objects/entities/user_profile.freezed.dart
DA:10,0
DA:12,0
DA:15,2
DA:16,2
DA:21,10
DA:23,0
DA:54,0
DA:73,0
DA:74,0
DA:83,0
DA:84,0
DA:85,0
DA:86,0
DA:87,0
DA:88,0
DA:89,0
DA:90,0
DA:91,0
DA:93,0
DA:94,0
DA:96,0
DA:97,0
DA:98,0
DA:99,0
DA:100,0
DA:101,0
DA:102,0
DA:103,0
DA:104,0
DA:105,0
DA:106,0
DA:107,0
DA:108,0
DA:109,0
DA:110,0
DA:111,0
DA:112,0
DA:116,0
DA:117,0
DA:119,0
DA:120,0
DA:122,0
DA:169,0
DA:175,0
DA:193,0
DA:194,0
DA:195,0
DA:198,0
DA:199,0
DA:202,0
DA:203,0
DA:206,0
DA:207,0
DA:210,0
DA:211,0
DA:214,0
DA:215,0
DA:218,0
DA:219,0
DA:222,0
DA:223,0
DA:226,0
DA:227,0
DA:230,0
DA:231,0
DA:234,0
DA:235,0
DA:238,0
DA:239,0
DA:242,0
DA:243,0
DA:246,0
DA:247,0
DA:250,0
DA:251,0
DA:257,0
DA:259,0
DA:263,0
DA:264,0
DA:268,0
DA:270,0
DA:274,0
DA:275,0
DA:279,0
DA:281,0
DA:285,0
DA:286,0
DA:341,0
DA:343,0
DA:345,0
DA:346,0
DA:348,0
DA:366,0
DA:367,0
DA:368,0
DA:371,0
DA:372,0
DA:375,0
DA:376,0
DA:379,0
DA:380,0
DA:383,0
DA:384,0
DA:387,0
DA:388,0
DA:391,0
DA:392,0
DA:395,0
DA:396,0
DA:399,0
DA:400,0
DA:403,0
DA:404,0
DA:407,0
DA:408,0
DA:411,0
DA:412,0
DA:415,0
DA:416,0
DA:419,0
DA:420,0
DA:423,0
DA:424,0
DA:434,2
DA:466,2
DA:467,2
DA:518,0
DA:520,0
DA:523,0
DA:526,0
DA:527,0
DA:528,0
DA:529,0
DA:531,0
DA:532,0
DA:534,0
DA:535,0
DA:537,0
DA:538,0
DA:539,0
DA:540,0
DA:542,0
DA:543,0
DA:544,0
DA:545,0
DA:547,0
DA:548,0
DA:550,0
DA:551,0
DA:553,0
DA:554,0
DA:555,0
DA:556,0
DA:558,0
DA:559,0
DA:561,0
DA:562,0
DA:564,0
DA:565,0
DA:567,0
DA:568,0
DA:570,0
DA:573,0
DA:575,0
DA:576,0
DA:577,0
DA:578,0
DA:579,0
DA:580,0
DA:581,0
DA:582,0
DA:583,0
DA:584,0
DA:585,0
DA:586,0
DA:587,0
DA:588,0
DA:589,0
DA:590,0
DA:592,0
DA:595,0
DA:597,1
DA:599,1
DA:639,0
DA:641,0
DA:642,0
DA:644,0
DA:645,0
DA:647,0
DA:648,0
DA:650,0
DA:651,0
DA:654,0
DA:655,0
DA:658,0
DA:659,0
DA:661,0
DA:662,0
DA:664,0
DA:665,0
DA:667,0
DA:668,0
DA:670,0
DA:671,0
DA:673,0
DA:674,0
DA:676,0
DA:677,0
DA:679,0
DA:680,0
DA:682,0
DA:683,0
DA:688,0
DA:689,0
DA:692,0
LF:215
LH:8
end_of_record
SF:lib/domain_objects/entities/user_profile.dart
DA:43,2
DA:45,1
DA:46,1
DA:47,1
DA:48,1
DA:49,1
DA:53,1
DA:54,1
DA:55,1
DA:56,1
DA:61,2
DA:62,2
LF:12
LH:12
end_of_record
SF:lib/domain_objects/value_objects/name.g.dart
DA:9,4
DA:10,4
DA:11,8
DA:15,0
DA:16,0
LF:5
LH:3
end_of_record
SF:lib/domain_objects/value_objects/name.dart
DA:19,4
DA:21,3
DA:25,1
DA:27,2
DA:29,2
DA:33,1
DA:35,1
DA:36,1
DA:37,3
DA:38,3
DA:39,1
DA:40,2
DA:44,2
DA:45,4
DA:48,4
DA:49,8
DA:54,6
DA:63,20
DA:65,4
DA:67,4
DA:70,2
DA:72,2
DA:73,2
LF:23
LH:23
end_of_record
SF:lib/domain_objects/entities/navigation.freezed.dart
DA:10,0
DA:12,0
DA:15,2
DA:16,2
DA:21,7
DA:23,0
DA:28,0
DA:36,0
DA:37,0
DA:46,0
DA:48,0
DA:49,0
DA:51,0
DA:52,0
DA:53,0
DA:54,0
DA:55,0
DA:57,0
DA:58,0
DA:60,0
DA:77,0
DA:83,0
DA:90,0
DA:91,0
DA:92,0
DA:95,0
DA:96,0
DA:99,0
DA:100,0
DA:103,0
DA:104,0
DA:127,0
DA:129,0
DA:131,0
DA:132,0
DA:134,0
DA:141,0
DA:142,0
DA:143,0
DA:146,0
DA:147,0
DA:150,0
DA:151,0
DA:154,0
DA:155,0
DA:165,2
DA:171,2
DA:172,2
DA:187,0
DA:189,0
DA:192,0
DA:195,0
DA:196,0
DA:198,0
DA:199,0
DA:201,0
DA:202,0
DA:204,0
DA:205,0
DA:206,0
DA:207,0
DA:210,0
DA:212,0
DA:213,0
DA:214,0
DA:215,0
DA:216,0
DA:218,0
DA:221,0
DA:223,1
DA:225,1
DA:240,0
DA:243,0
DA:244,0
DA:247,0
DA:248,0
DA:250,0
DA:251,0
DA:253,0
DA:254,0
DA:257,0
LF:81
LH:8
end_of_record
SF:lib/domain_objects/entities/navigation.g.dart
DA:9,2
DA:10,2
DA:11,2
DA:12,6
DA:13,2
DA:14,2
DA:15,6
DA:16,2
DA:17,4
DA:18,2
DA:22,1
DA:23,1
DA:24,5
DA:25,3
DA:26,1
DA:27,1
LF:16
LH:16
end_of_record
SF:lib/domain_objects/entities/navigation.dart
DA:21,2
DA:22,1
DA:24,1
DA:25,1
DA:26,1
DA:36,1
DA:37,1
DA:48,1
DA:51,2
DA:52,2
LF:10
LH:10
end_of_record
SF:lib/domain_objects/entities/navigation_item.freezed.dart
DA:10,0
DA:12,0
DA:15,3
DA:16,3
DA:21,7
DA:23,0
DA:30,0
DA:40,0
DA:41,0
DA:50,0
DA:51,0
DA:52,0
DA:53,0
DA:54,0
DA:55,0
DA:56,0
DA:57,0
DA:58,0
DA:59,0
DA:60,0
DA:62,0
DA:64,0
DA:65,0
DA:67,0
DA:89,0
DA:95,0
DA:104,0
DA:105,0
DA:106,0
DA:109,0
DA:110,0
DA:113,0
DA:114,0
DA:117,0
DA:118,0
DA:121,0
DA:122,0
DA:125,0
DA:126,0
DA:132,0
DA:134,0
DA:138,0
DA:139,0
DA:167,0
DA:169,0
DA:171,0
DA:172,0
DA:174,0
DA:183,0
DA:184,0
DA:185,0
DA:188,0
DA:189,0
DA:192,0
DA:193,0
DA:196,0
DA:197,0
DA:200,0
DA:201,0
DA:204,0
DA:205,0
DA:215,3
DA:223,3
DA:224,3
DA:245,0
DA:247,0
DA:250,0
DA:253,0
DA:254,0
DA:255,0
DA:256,0
DA:257,0
DA:258,0
DA:259,0
DA:260,0
DA:261,0
DA:262,0
DA:264,0
DA:265,0
DA:267,0
DA:270,0
DA:272,0
DA:273,0
DA:274,0
DA:275,0
DA:276,0
DA:277,0
DA:278,0
DA:280,0
DA:283,0
DA:285,2
DA:287,2
DA:304,0
DA:306,0
DA:307,0
DA:309,0
DA:310,0
DA:312,0
DA:313,0
DA:315,0
DA:316,0
DA:318,0
DA:319,0
DA:322,0
DA:323,0
DA:326,0
LF:106
LH:8
end_of_record
SF:lib/domain_objects/entities/navigation_item.dart
DA:22,4
DA:26,2
DA:28,4
DA:31,3
DA:32,3
LF:5
LH:5
end_of_record
SF:lib/domain_objects/entities/navigation_item.g.dart
DA:9,3
DA:10,3
DA:11,3
DA:12,3
DA:13,3
DA:14,3
DA:16,6
DA:17,3
DA:18,3
DA:19,7
DA:20,3
DA:24,2
DA:25,2
DA:26,2
DA:27,2
DA:28,2
DA:29,4
DA:30,2
DA:31,10
LF:19
LH:19
end_of_record
SF:lib/domain_objects/entities/navigation_icon.freezed.dart
DA:10,0
DA:12,0
DA:15,4
DA:16,4
DA:21,7
DA:23,0
DA:28,0
DA:36,0
DA:37,0
DA:46,0
DA:47,0
DA:48,0
DA:49,0
DA:50,0
DA:51,0
DA:52,0
DA:53,0
DA:55,0
DA:56,0
DA:58,0
DA:76,0
DA:82,0
DA:89,0
DA:90,0
DA:91,0
DA:94,0
DA:95,0
DA:98,0
DA:99,0
DA:102,0
DA:103,0
DA:128,0
DA:130,0
DA:132,0
DA:133,0
DA:135,0
DA:142,0
DA:143,0
DA:144,0
DA:147,0
DA:148,0
DA:151,0
DA:152,0
DA:155,0
DA:156,0
DA:166,4
DA:172,4
DA:173,4
DA:188,0
DA:190,0
DA:193,1
DA:196,1
DA:197,2
DA:198,0
DA:199,2
DA:201,0
DA:202,2
DA:204,0
DA:205,2
DA:207,0
DA:210,0
DA:212,0
DA:213,0
DA:214,0
DA:215,0
DA:216,0
DA:218,0
DA:221,0
DA:223,3
DA:225,3
DA:240,0
DA:242,0
DA:243,0
DA:245,0
DA:246,0
DA:248,0
DA:249,0
DA:251,0
DA:252,0
DA:255,0
LF:80
LH:14
end_of_record
SF:lib/domain_objects/entities/navigation_icon.dart
DA:18,6
DA:25,4
DA:26,4
LF:3
LH:3
end_of_record
SF:lib/domain_objects/entities/navigation_icon.g.dart
DA:9,4
DA:10,4
DA:11,4
DA:12,4
DA:13,4
DA:14,4
DA:18,3
DA:19,3
DA:20,3
DA:21,3
DA:22,3
DA:23,3
LF:12
LH:12
end_of_record
SF:lib/domain_objects/entities/navigation_nested_item.g.dart
DA:9,3
DA:11,3
DA:12,3
DA:13,3
DA:17,3
DA:19,3
DA:20,3
DA:21,3
LF:8
LH:8
end_of_record
SF:lib/domain_objects/entities/navigation_nested_item.freezed.dart
DA:10,0
DA:12,0
DA:15,3
DA:16,3
DA:21,7
DA:23,0
DA:26,0
DA:32,0
DA:33,0
DA:42,0
DA:43,0
DA:44,0
DA:45,0
DA:47,0
DA:48,0
DA:50,0
DA:66,0
DA:72,0
DA:77,0
DA:78,0
DA:79,0
DA:82,0
DA:83,0
DA:106,0
DA:108,0
DA:110,0
DA:111,0
DA:113,0
DA:118,0
DA:119,0
DA:120,0
DA:123,0
DA:124,0
DA:134,4
DA:138,3
DA:139,3
DA:148,0
DA:150,0
DA:153,0
DA:156,0
DA:157,0
DA:158,0
DA:159,0
DA:160,0
DA:163,0
DA:165,0
DA:166,0
DA:167,0
DA:169,0
DA:172,0
DA:175,3
DA:177,3
DA:189,0
DA:191,0
DA:192,0
DA:194,0
DA:195,0
DA:198,0
LF:58
LH:8
end_of_record
SF:lib/domain_objects/entities/navigation_nested_item.dart
DA:16,6
DA:21,3
DA:22,3
LF:3
LH:3
end_of_record
SF:lib/domain_objects/entities/communication_settings.dart
DA:19,2
DA:27,2
DA:28,2
LF:3
LH:3
end_of_record
SF:lib/domain_objects/entities/communication_settings.freezed.dart
DA:10,0
DA:12,0
DA:15,2
DA:17,2
DA:22,4
DA:24,0
DA:30,0
DA:39,0
DA:40,0
DA:49,0
DA:50,0
DA:51,0
DA:52,0
DA:53,0
DA:54,0
DA:55,0
DA:56,0
DA:57,0
DA:58,0
DA:60,0
DA:61,0
DA:63,0
DA:82,0
DA:88,0
DA:96,0
DA:97,0
DA:98,0
DA:101,0
DA:102,0
DA:105,0
DA:106,0
DA:109,0
DA:110,0
DA:113,0
DA:114,0
DA:140,0
DA:142,0
DA:144,0
DA:145,0
DA:147,0
DA:155,0
DA:156,0
DA:157,0
DA:160,0
DA:161,0
DA:164,0
DA:165,0
DA:168,0
DA:169,0
DA:172,0
DA:173,0
DA:183,2
DA:190,2
DA:191,2
DA:209,0
DA:211,0
DA:214,0
DA:217,0
DA:218,0
DA:220,0
DA:221,0
DA:223,0
DA:224,0
DA:226,0
DA:227,0
DA:229,0
DA:230,0
DA:232,0
DA:235,0
DA:237,0
DA:238,0
DA:239,0
DA:240,0
DA:241,0
DA:242,0
DA:244,0
DA:247,0
DA:250,1
DA:252,1
DA:268,0
DA:270,0
DA:271,0
DA:273,0
DA:274,0
DA:276,0
DA:277,0
DA:279,0
DA:280,0
DA:282,0
DA:283,0
DA:286,0
LF:91
LH:8
end_of_record
SF:lib/domain_objects/entities/communication_settings.g.dart
DA:9,2
DA:11,2
DA:12,2
DA:13,2
DA:14,2
DA:15,2
DA:16,2
DA:20,1
DA:22,1
DA:23,1
DA:24,1
DA:25,1
DA:26,1
DA:27,1
LF:14
LH:14
end_of_record
SF:lib/domain_objects/entities/auth_credential_response.g.dart
DA:9,1
DA:11,1
DA:12,1
DA:13,1
DA:14,1
DA:15,1
DA:16,1
DA:17,1
DA:18,1
DA:19,1
DA:20,1
DA:24,0
DA:26,0
DA:27,0
DA:28,0
DA:29,0
DA:30,0
DA:31,0
DA:32,0
DA:33,0
DA:34,0
DA:35,0
LF:22
LH:11
end_of_record
SF:lib/domain_objects/entities/auth_credential_response.freezed.dart
DA:10,0
DA:12,0
DA:15,1
DA:17,1
DA:22,3
DA:24,0
DA:34,0
DA:47,0
DA:48,0
DA:57,0
DA:58,0
DA:59,0
DA:60,0
DA:61,0
DA:62,0
DA:63,0
DA:64,0
DA:65,0
DA:66,0
DA:67,0
DA:68,0
DA:69,0
DA:70,0
DA:71,0
DA:72,0
DA:73,0
DA:74,0
DA:76,0
DA:77,0
DA:79,0
DA:102,0
DA:108,0
DA:120,0
DA:121,0
DA:122,0
DA:125,0
DA:126,0
DA:129,0
DA:130,0
DA:133,0
DA:134,0
DA:137,0
DA:138,0
DA:141,0
DA:142,0
DA:145,0
DA:146,0
DA:149,0
DA:150,0
DA:153,0
DA:154,0
DA:184,0
DA:186,0
DA:188,0
DA:189,0
DA:191,0
DA:203,0
DA:204,0
DA:205,0
DA:208,0
DA:209,0
DA:212,0
DA:213,0
DA:216,0
DA:217,0
DA:220,0
DA:221,0
DA:224,0
DA:225,0
DA:228,0
DA:229,0
DA:232,0
DA:233,0
DA:236,0
DA:237,0
DA:247,1
DA:258,1
DA:259,1
DA:289,0
DA:291,0
DA:294,0
DA:297,0
DA:298,0
DA:300,0
DA:301,0
DA:303,0
DA:304,0
DA:306,0
DA:307,0
DA:309,0
DA:310,0
DA:311,0
DA:312,0
DA:314,0
DA:315,0
DA:317,0
DA:318,0
DA:320,0
DA:321,0
DA:323,0
DA:326,0
DA:328,0
DA:329,0
DA:330,0
DA:331,0
DA:332,0
DA:333,0
DA:334,0
DA:335,0
DA:336,0
DA:337,0
DA:339,0
DA:342,0
DA:345,0
DA:347,0
DA:367,0
DA:369,0
DA:370,0
DA:372,0
DA:373,0
DA:375,0
DA:376,0
DA:378,0
DA:379,0
DA:381,0
DA:382,0
DA:384,0
DA:385,0
DA:387,0
DA:388,0
DA:390,0
DA:391,0
DA:393,0
DA:394,0
DA:397,0
LF:135
LH:6
end_of_record
SF:lib/domain_objects/entities/auth_credential_response.dart
DA:22,1
DA:23,1
LF:2
LH:2
end_of_record
SF:lib/domain_objects/entities/customer.freezed.dart
DA:10,0
DA:12,0
DA:15,1
DA:16,1
DA:21,3
DA:23,0
DA:34,0
DA:43,0
DA:44,0
DA:53,0
DA:54,0
DA:55,0
DA:56,0
DA:57,0
DA:58,0
DA:59,0
DA:61,0
DA:62,0
DA:63,0
DA:65,0
DA:66,0
DA:68,0
DA:92,0
DA:98,0
DA:106,0
DA:107,0
DA:108,0
DA:111,0
DA:112,0
DA:115,0
DA:116,0
DA:119,0
DA:120,0
DA:123,0
DA:124,0
DA:130,0
DA:132,0
DA:136,0
DA:137,0
DA:138,0
DA:167,0
DA:168,0
DA:170,0
DA:171,0
DA:173,0
DA:181,0
DA:182,0
DA:183,0
DA:186,0
DA:187,0
DA:190,0
DA:191,0
DA:194,0
DA:195,0
DA:198,0
DA:199,0
DA:209,1
DA:216,1
DA:217,1
DA:235,0
DA:237,0
DA:240,0
DA:243,0
DA:244,0
DA:245,0
DA:246,0
DA:248,0
DA:249,0
DA:251,0
DA:252,0
DA:254,0
DA:255,0
DA:256,0
DA:259,0
DA:261,0
DA:262,0
DA:263,0
DA:264,0
DA:265,0
DA:266,0
DA:268,0
DA:271,0
DA:273,0
DA:275,0
DA:294,0
DA:296,0
DA:297,0
DA:299,0
DA:300,0
DA:302,0
DA:303,0
DA:306,0
DA:307,0
DA:309,0
DA:310,0
DA:313,0
LF:96
LH:6
end_of_record
SF:lib/domain_objects/entities/customer.dart
DA:20,1
DA:21,1
LF:2
LH:2
end_of_record
SF:lib/domain_objects/entities/customer.g.dart
DA:9,1
DA:10,1
DA:11,1
DA:12,1
DA:13,1
DA:14,1
DA:16,1
DA:17,1
DA:18,1
DA:22,0
DA:23,0
DA:24,0
DA:25,0
DA:26,0
DA:27,0
DA:28,0
LF:16
LH:9
end_of_record
SF:lib/domain_objects/entities/location.freezed.dart
DA:10,0
DA:12,0
DA:15,2
DA:16,2
DA:21,3
DA:23,0
DA:27,0
DA:34,0
DA:35,0
DA:44,0
DA:45,0
DA:46,0
DA:47,0
DA:48,0
DA:49,0
DA:51,0
DA:52,0
DA:54,0
DA:69,0
DA:75,0
DA:81,0
DA:82,0
DA:83,0
DA:86,0
DA:87,0
DA:90,0
DA:91,0
DA:112,0
DA:113,0
DA:115,0
DA:116,0
DA:118,0
DA:124,0
DA:125,0
DA:126,0
DA:129,0
DA:130,0
DA:133,0
DA:134,0
DA:144,2
DA:149,2
DA:150,2
DA:162,0
DA:164,0
DA:167,1
DA:170,1
DA:171,2
DA:173,0
DA:174,2
DA:175,0
DA:176,2
DA:177,0
DA:180,0
DA:182,0
DA:183,0
DA:184,0
DA:185,0
DA:187,0
DA:190,0
DA:192,1
DA:194,1
DA:206,0
DA:208,0
DA:209,0
DA:211,0
DA:212,0
DA:214,0
DA:215,0
DA:218,0
LF:69
LH:13
end_of_record
SF:lib/domain_objects/entities/location.g.dart
DA:9,2
DA:10,2
DA:11,2
DA:12,2
DA:13,2
DA:17,1
DA:18,1
DA:19,1
DA:20,1
DA:21,1
LF:10
LH:10
end_of_record
SF:lib/domain_objects/entities/location.dart
DA:17,2
DA:23,2
DA:24,2
LF:3
LH:3
end_of_record
SF:lib/domain_objects/entities/otp_response.freezed.dart
DA:10,0
DA:12,0
DA:15,1
DA:16,1
DA:21,3
DA:23,0
DA:24,0
DA:29,0
DA:30,0
DA:39,0
DA:40,0
DA:42,0
DA:43,0
DA:45,0
DA:58,0
DA:64,0
DA:68,0
DA:69,0
DA:70,0
DA:90,0
DA:92,0
DA:94,0
DA:95,0
DA:97,0
DA:101,0
DA:102,0
DA:103,0
DA:113,1
DA:115,1
DA:116,1
DA:122,0
DA:124,0
DA:127,0
DA:130,0
DA:131,0
DA:132,0
DA:135,0
DA:137,0
DA:139,0
DA:142,0
DA:144,0
DA:146,0
DA:156,0
DA:158,0
DA:159,0
DA:162,0
LF:46
LH:6
end_of_record
SF:lib/domain_objects/entities/otp_response.g.dart
DA:9,1
DA:10,1
DA:11,1
DA:15,0
DA:16,0
DA:17,0
LF:6
LH:3
end_of_record
SF:lib/domain_objects/entities/otp_response.dart
DA:14,1
DA:15,1
LF:2
LH:2
end_of_record
SF:lib/domain_objects/entities/supplier_profile.freezed.dart
DA:10,0
DA:12,0
DA:15,2
DA:16,2
DA:21,3
DA:23,0
DA:58,0
DA:79,0
DA:80,0
DA:89,0
DA:90,0
DA:91,0
DA:92,0
DA:93,0
DA:94,0
DA:95,0
DA:96,0
DA:97,0
DA:98,0
DA:99,0
DA:100,0
DA:101,0
DA:102,0
DA:103,0
DA:104,0
DA:105,0
DA:106,0
DA:107,0
DA:108,0
DA:109,0
DA:110,0
DA:111,0
DA:112,0
DA:113,0
DA:114,0
DA:115,0
DA:116,0
DA:117,0
DA:118,0
DA:119,0
DA:120,0
DA:121,0
DA:122,0
DA:124,0
DA:125,0
DA:127,0
DA:178,0
DA:184,0
DA:204,0
DA:205,0
DA:206,0
DA:209,0
DA:210,0
DA:213,0
DA:214,0
DA:217,0
DA:218,0
DA:221,0
DA:222,0
DA:225,0
DA:226,0
DA:229,0
DA:230,0
DA:233,0
DA:234,0
DA:237,0
DA:238,0
DA:241,0
DA:242,0
DA:245,0
DA:246,0
DA:249,0
DA:250,0
DA:253,0
DA:254,0
DA:257,0
DA:258,0
DA:261,0
DA:262,0
DA:265,0
DA:266,0
DA:269,0
DA:270,0
DA:276,0
DA:278,0
DA:282,0
DA:283,0
DA:287,0
DA:289,0
DA:293,0
DA:294,0
DA:352,0
DA:354,0
DA:356,0
DA:357,0
DA:359,0
DA:379,0
DA:380,0
DA:381,0
DA:384,0
DA:385,0
DA:388,0
DA:389,0
DA:392,0
DA:393,0
DA:396,0
DA:397,0
DA:400,0
DA:401,0
DA:404,0
DA:405,0
DA:408,0
DA:409,0
DA:412,0
DA:413,0
DA:416,0
DA:417,0
DA:420,0
DA:421,0
DA:424,0
DA:425,0
DA:428,0
DA:429,0
DA:432,0
DA:433,0
DA:436,0
DA:437,0
DA:440,0
DA:441,0
DA:444,0
DA:445,0
DA:455,2
DA:491,2
DA:492,2
DA:546,0
DA:548,0
DA:551,0
DA:554,0
DA:555,0
DA:557,0
DA:558,0
DA:560,0
DA:561,0
DA:563,0
DA:564,0
DA:566,0
DA:567,0
DA:569,0
DA:570,0
DA:571,0
DA:572,0
DA:574,0
DA:575,0
DA:577,0
DA:578,0
DA:579,0
DA:580,0
DA:581,0
DA:583,0
DA:584,0
DA:585,0
DA:586,0
DA:587,0
DA:589,0
DA:590,0
DA:592,0
DA:593,0
DA:595,0
DA:596,0
DA:598,0
DA:599,0
DA:600,0
DA:601,0
DA:602,0
DA:604,0
DA:607,0
DA:609,0
DA:610,0
DA:611,0
DA:612,0
DA:613,0
DA:614,0
DA:615,0
DA:616,0
DA:617,0
DA:618,0
DA:619,0
DA:620,0
DA:621,0
DA:622,0
DA:623,0
DA:624,0
DA:625,0
DA:626,0
DA:628,0
DA:631,0
DA:633,1
DA:635,1
DA:679,0
DA:681,0
DA:682,0
DA:684,0
DA:685,0
DA:687,0
DA:688,0
DA:690,0
DA:691,0
DA:693,0
DA:694,0
DA:696,0
DA:697,0
DA:699,0
DA:700,0
DA:702,0
DA:703,0
DA:705,0
DA:706,0
DA:708,0
DA:709,0
DA:711,0
DA:712,0
DA:714,0
DA:715,0
DA:717,0
DA:718,0
DA:720,0
DA:721,0
DA:723,0
DA:724,0
DA:726,0
DA:727,0
DA:729,0
DA:730,0
DA:733,0
LF:234
LH:8
end_of_record
SF:lib/domain_objects/entities/supplier_profile.g.dart
DA:9,2
DA:10,2
DA:11,2
DA:12,2
DA:13,2
DA:14,2
DA:16,1
DA:17,1
DA:18,2
DA:19,2
DA:20,2
DA:21,2
DA:23,2
DA:24,2
DA:25,2
DA:26,2
DA:27,2
DA:28,2
DA:29,2
DA:31,2
DA:32,2
DA:33,2
DA:35,2
DA:36,2
DA:40,1
DA:41,1
DA:42,1
DA:43,1
DA:44,1
DA:45,2
DA:46,1
DA:47,1
DA:48,2
DA:49,1
DA:50,1
DA:51,1
DA:52,1
DA:53,1
DA:54,1
DA:55,2
DA:56,2
DA:57,1
DA:58,1
DA:61,2
DA:67,0
DA:69,0
DA:73,4
DA:74,6
DA:75,1
DA:77,0
DA:79,0
DA:82,3
DA:84,2
DA:87,2
DA:95,2
LF:55
LH:51
end_of_record
SF:lib/domain_objects/entities/supplier_profile.dart
DA:36,2
DA:40,1
DA:41,1
DA:48,1
DA:54,2
DA:55,2
LF:6
LH:6
end_of_record
SF:lib/domain_objects/entities/user_response.freezed.dart
DA:10,0
DA:12,0
DA:15,1
DA:16,1
DA:21,3
DA:23,0
DA:36,0
DA:46,0
DA:47,0
DA:56,0
DA:57,0
DA:58,0
DA:59,0
DA:60,0
DA:61,0
DA:62,0
DA:64,0
DA:65,0
DA:66,0
DA:67,0
DA:68,0
DA:70,0
DA:71,0
DA:73,0
DA:105,0
DA:111,0
DA:120,0
DA:121,0
DA:122,0
DA:125,0
DA:126,0
DA:129,0
DA:130,0
DA:133,0
DA:134,0
DA:137,0
DA:138,0
DA:141,0
DA:142,0
DA:148,0
DA:150,0
DA:154,0
DA:155,0
DA:159,0
DA:161,0
DA:165,0
DA:166,0
DA:170,0
DA:172,0
DA:176,0
DA:177,0
DA:181,0
DA:183,0
DA:187,0
DA:188,0
DA:189,0
DA:193,0
DA:195,0
DA:199,0
DA:200,0
DA:204,0
DA:206,0
DA:210,0
DA:211,0
DA:254,0
DA:256,0
DA:258,0
DA:259,0
DA:261,0
DA:270,0
DA:271,0
DA:272,0
DA:275,0
DA:276,0
DA:279,0
DA:280,0
DA:283,0
DA:284,0
DA:287,0
DA:288,0
DA:291,0
DA:292,0
DA:302,1
DA:310,1
DA:311,1
DA:332,0
DA:334,0
DA:337,0
DA:340,0
DA:341,0
DA:343,0
DA:344,0
DA:346,0
DA:347,0
DA:349,0
DA:350,0
DA:351,0
DA:352,0
DA:353,0
DA:354,0
DA:355,0
DA:357,0
DA:360,0
DA:362,0
DA:363,0
DA:364,0
DA:365,0
DA:366,0
DA:367,0
DA:368,0
DA:370,0
DA:373,0
DA:375,0
DA:377,0
DA:399,0
DA:401,0
DA:402,0
DA:404,0
DA:405,0
DA:407,0
DA:408,0
DA:411,0
DA:412,0
DA:414,0
DA:415,0
DA:417,0
DA:418,0
DA:421,0
LF:128
LH:6
end_of_record
SF:lib/domain_objects/entities/user_response.dart
DA:28,1
DA:29,1
LF:2
LH:2
end_of_record
SF:lib/domain_objects/entities/user_response.g.dart
DA:9,1
DA:10,1
DA:11,1
DA:13,2
DA:14,1
DA:16,1
DA:17,1
DA:18,1
DA:20,2
DA:21,1
DA:23,1
DA:24,1
DA:25,1
DA:27,2
DA:28,1
DA:30,1
DA:31,1
DA:35,0
DA:36,0
DA:37,0
DA:38,0
DA:39,0
DA:40,0
DA:41,0
DA:42,0
LF:25
LH:17
end_of_record
SF:lib/domain_objects/entities/receivables_account.freezed.dart
DA:10,0
DA:12,0
DA:15,1
DA:16,1
DA:21,3
DA:23,0
DA:30,0
DA:40,0
DA:41,0
DA:50,0
DA:51,0
DA:52,0
DA:53,0
DA:54,0
DA:55,0
DA:56,0
DA:57,0
DA:58,0
DA:59,0
DA:60,0
DA:61,0
DA:63,0
DA:64,0
DA:66,0
DA:86,0
DA:92,0
DA:101,0
DA:102,0
DA:103,0
DA:106,0
DA:107,0
DA:110,0
DA:111,0
DA:114,0
DA:115,0
DA:118,0
DA:119,0
DA:122,0
DA:123,0
DA:150,0
DA:152,0
DA:154,0
DA:155,0
DA:157,0
DA:166,0
DA:167,0
DA:168,0
DA:171,0
DA:172,0
DA:175,0
DA:176,0
DA:179,0
DA:180,0
DA:183,0
DA:184,0
DA:187,0
DA:188,0
DA:198,1
DA:206,1
DA:207,1
DA:228,0
DA:230,0
DA:233,0
DA:236,0
DA:237,0
DA:238,0
DA:239,0
DA:240,0
DA:241,0
DA:243,0
DA:244,0
DA:245,0
DA:246,0
DA:247,0
DA:248,0
DA:250,0
DA:253,0
DA:255,0
DA:256,0
DA:257,0
DA:258,0
DA:259,0
DA:260,0
DA:261,0
DA:263,0
DA:266,0
DA:268,0
DA:270,0
DA:287,0
DA:289,0
DA:290,0
DA:292,0
DA:293,0
DA:295,0
DA:296,0
DA:298,0
DA:299,0
DA:301,0
DA:302,0
DA:304,0
DA:305,0
DA:308,0
LF:102
LH:6
end_of_record
SF:lib/domain_objects/entities/receivables_account.dart
DA:19,1
DA:20,1
LF:2
LH:2
end_of_record
SF:lib/domain_objects/entities/receivables_account.g.dart
DA:9,1
DA:11,1
DA:12,1
DA:13,1
DA:14,1
DA:15,1
DA:16,1
DA:17,1
DA:21,0
DA:23,0
DA:24,0
DA:25,0
DA:26,0
DA:27,0
DA:28,0
DA:29,0
LF:16
LH:8
end_of_record
SF:lib/domain_objects/entities/payables_account.freezed.dart
DA:10,0
DA:12,0
DA:15,2
DA:16,2
DA:21,3
DA:23,0
DA:30,0
DA:40,0
DA:41,0
DA:50,0
DA:51,0
DA:52,0
DA:53,0
DA:54,0
DA:55,0
DA:56,0
DA:57,0
DA:58,0
DA:59,0
DA:60,0
DA:61,0
DA:63,0
DA:64,0
DA:66,0
DA:86,0
DA:92,0
DA:101,0
DA:102,0
DA:103,0
DA:106,0
DA:107,0
DA:110,0
DA:111,0
DA:114,0
DA:115,0
DA:118,0
DA:119,0
DA:122,0
DA:123,0
DA:150,0
DA:152,0
DA:154,0
DA:155,0
DA:157,0
DA:166,0
DA:167,0
DA:168,0
DA:171,0
DA:172,0
DA:175,0
DA:176,0
DA:179,0
DA:180,0
DA:183,0
DA:184,0
DA:187,0
DA:188,0
DA:198,2
DA:206,2
DA:207,2
DA:228,0
DA:230,0
DA:233,1
DA:236,1
DA:237,2
DA:238,0
DA:239,2
DA:240,0
DA:241,2
DA:243,0
DA:244,2
DA:245,0
DA:246,2
DA:247,0
DA:248,2
DA:250,0
DA:253,0
DA:255,0
DA:256,0
DA:257,0
DA:258,0
DA:259,0
DA:260,0
DA:261,0
DA:263,0
DA:266,0
DA:268,2
DA:270,2
DA:286,0
DA:288,0
DA:289,0
DA:291,0
DA:292,0
DA:294,0
DA:295,0
DA:297,0
DA:298,0
DA:300,0
DA:301,0
DA:303,0
DA:304,0
DA:307,0
LF:102
LH:16
end_of_record
SF:lib/domain_objects/entities/payables_account.dart
DA:20,4
DA:29,2
DA:30,2
LF:3
LH:3
end_of_record
SF:lib/domain_objects/entities/payables_account.g.dart
DA:9,2
DA:10,2
DA:11,2
DA:12,2
DA:13,2
DA:14,2
DA:15,2
DA:16,2
DA:20,2
DA:21,2
DA:22,2
DA:23,2
DA:24,2
DA:25,2
DA:26,2
DA:27,2
LF:16
LH:16
end_of_record
SF:lib/misc_utilities/phone_constants.dart
DA:12,1
DA:13,1
LF:2
LH:2
end_of_record
SF:lib/misc_utilities/refresh_token_manager.dart
DA:15,2
DA:16,2
DA:19,2
DA:21,6
DA:30,2
DA:31,4
DA:32,4
DA:37,1
DA:38,2
DA:39,2
DA:46,2
DA:47,4
DA:49,6
DA:57,1
DA:58,1
DA:59,2
DA:60,2
DA:68,2
DA:71,6
DA:73,2
DA:74,4
LF:21
LH:21
end_of_record
SF:lib/misc_utilities/file_manager_logic.dart
DA:22,1
DA:24,0
DA:25,1
DA:26,0
DA:27,0
DA:34,2
DA:35,2
DA:36,0
DA:50,2
DA:61,6
DA:66,1
DA:67,2
DA:73,4
DA:74,4
DA:76,0
DA:78,0
DA:79,0
DA:83,0
DA:86,0
DA:87,0
DA:89,0
DA:91,0
DA:92,0
DA:93,0
DA:96,0
DA:99,1
DA:100,2
LF:27
LH:12
end_of_record
SF:lib/misc_utilities/responsive_widget.dart
DA:11,1
DA:33,1
DA:36,1
DA:37,1
DA:38,2
DA:39,1
DA:42,1
DA:68,1
DA:69,4
DA:73,1
DA:74,4
DA:78,1
DA:79,3
DA:87,1
DA:88,1
DA:95,1
DA:97,3
DA:98,1
DA:99,2
DA:106,1
DA:107,1
DA:108,2
LF:22
LH:22
end_of_record
SF:lib/misc_utilities/file_manager.dart
DA:29,1
DA:64,1
DA:65,1
DA:72,0
DA:73,0
DA:74,0
DA:78,1
DA:80,1
DA:82,1
DA:83,1
DA:84,3
DA:88,1
DA:90,1
DA:91,3
DA:93,1
DA:94,0
DA:95,1
DA:96,1
DA:97,1
DA:100,1
DA:102,1
DA:103,2
DA:105,1
DA:106,2
DA:107,0
DA:108,0
DA:111,0
DA:112,0
DA:113,0
DA:114,0
DA:115,0
DA:116,0
DA:117,0
DA:122,1
DA:123,1
DA:124,1
DA:129,1
DA:130,2
DA:135,1
DA:137,0
DA:139,0
DA:143,0
DA:144,0
DA:145,0
DA:146,0
DA:147,0
DA:149,0
DA:151,0
DA:152,0
DA:154,0
DA:162,1
DA:165,1
DA:166,1
DA:167,1
DA:168,3
DA:170,1
DA:171,2
DA:180,3
DA:181,1
DA:182,1
DA:184,1
LF:61
LH:37
end_of_record
SF:lib/misc_utilities/loading_wrapper.dart
DA:6,0
DA:10,0
DA:12,0
DA:13,0
DA:15,0
DA:16,0
DA:17,0
DA:18,0
LF:8
LH:0
end_of_record
